[
  {
    "file": "/Users/kamlesh.c/razorpay/blade/packages/blade-mcp/knowledgebase/VisuallyHidden.md",
    "errors": [
      "index.tsx:11:19 - error TS2322: Type '{ children: Element; id: string; }' is not assignable to type 'IntrinsicAttributes & { isChecked?: boolean; defaultChecked?: boolean; onChange?: OnChange$1; children?: ReactNode; helpText?: string; errorText?: string; ... 7 more ...; tabIndex?: number; } & TestID & Partial<...> & MotionMetaProp & RefAttributes<...>'.\n  Property 'id' does not exist on type 'IntrinsicAttributes & { isChecked?: boolean; defaultChecked?: boolean; onChange?: OnChange$1; children?: ReactNode; helpText?: string; errorText?: string; ... 7 more ...; tabIndex?: number; } & TestID & Partial<...> & MotionMetaProp & RefAttributes<...>'.\n\n11         <Checkbox id=\"darkMode\">\n                     ~~"
    ]
  },
  {
    "file": "/Users/kamlesh.c/razorpay/blade/packages/blade-mcp/knowledgebase/TopNav.md",
    "errors": [
      "index.tsx:161:15 - error TS2322: Type 'Element' is not assignable to type 'StringChildrenType'.\n\n161               <img src=\"/logo.svg\" alt=\"Company Logo\" width=\"120\" height=\"32\" />\n                  ~~~~~~~~~~~~~~~~~~~~~~~~~~~~~~~~~~~~~~~~~~~~~~~~~~~~~~~~~~~~~~~~~~\n\n  packages/blade/build/types/components/index.d.ts:6508:5\n    6508     children?: StringChildrenType;\n             ~~~~~~~~\n    The expected type comes from property 'children' which is declared here on type 'IntrinsicAttributes & (LinkProps & RefAttributes<BladeElementRef>)'",
      "index.tsx:273:17 - error TS1382: Unexpected token. Did you mean `{'>'}` or `&gt;`?\n\n273                 >\n                    ~"
    ]
  },
  {
    "file": "/Users/kamlesh.c/razorpay/blade/packages/blade-mcp/knowledgebase/TopNav.md",
    "errors": [
      "index.tsx:12:2 - error TS2304: Cannot find name 'TabNavItem'.\n\n12 <TabNavItem as={Link} to=\"/dashboard\" title=\"Dashboard\" isActive={isActive('/dashboard')} />;\n    ~~~~~~~~~~"
    ]
  },
  {
    "file": "/Users/kamlesh.c/razorpay/blade/packages/blade-mcp/knowledgebase/TopNav.md",
    "errors": [
      "index.tsx:18:8 - error TS1005: '=>' expected.\n\n18       )}\n          ~"
    ]
  },
  {
    "file": "/Users/kamlesh.c/razorpay/blade/packages/blade-mcp/knowledgebase/TextInput.md",
    "errors": [
      "index.tsx:2:26 - error TS2724: '\"@razorpay/blade/components\"' has no exported member named 'EmailIcon'. Did you mean 'MailIcon'?\n\n2 import { TextInput, Box, EmailIcon } from '@razorpay/blade/components';\n                           ~~~~~~~~~"
    ]
  },
  {
    "file": "/Users/kamlesh.c/razorpay/blade/packages/blade-mcp/knowledgebase/TextArea.md",
    "errors": [
      "index.tsx:31:9 - error TS2322: Type 'string' is not assignable to type '\"none\" | \"error\" | \"success\"'.\n\n31         validationState={validationState}\n           ~~~~~~~~~~~~~~~\n\n  packages/blade/build/types/components/index.d.ts:15123:5\n    15123     validationState?: 'success' | 'error' | 'none';\n              ~~~~~~~~~~~~~~~\n    The expected type comes from property 'validationState' which is declared here on type 'IntrinsicAttributes & (TextAreaProps & RefAttributes<BladeElementRef>)'"
    ]
  },
  {
    "file": "/Users/kamlesh.c/razorpay/blade/packages/blade-mcp/knowledgebase/TextArea.md",
    "errors": [
      "index.tsx:39:9 - error TS2820: Type '\"surface.background.gray.muted\"' is not assignable to type '\"transparent\" | \"surface.background.gray.subtle\" | \"surface.background.gray.moderate\" | \"surface.background.gray.intense\" | \"surface.background.primary.subtle\" | \"surface.background.primary.intense\" | ... 6 more ... | { ...; }'. Did you mean '\"surface.background.gray.subtle\"'?\n\n39         backgroundColor=\"surface.background.gray.muted\"\n           ~~~~~~~~~~~~~~~\n\n  packages/blade/build/types/components/index.d.ts:1956:5\n    1956     backgroundColor: \"transparent\" | \"surface.background.gray.subtle\" | \"surface.background.gray.moderate\" | \"surface.background.gray.intense\" | \"surface.background.primary.subtle\" | \"surface.background.primary.intense\" | \"surface.background.sea.subtle\" | \"surface.background.sea.intense\" | \"surface.background.cloud.subtle\" | \"surface.background.cloud.intense\" | \"overlay.background.subtle\" | \"overlay.background.moderate\";\n             ~~~~~~~~~~~~~~~\n    The expected type comes from property 'backgroundColor' which is declared here on type 'IntrinsicAttributes & Partial<PaddingProps & MarginProps & { width: SpacingValueType | { readonly base?: SpacingValueType; ... 4 more ...; readonly xl?: SpacingValueType; }; ... 11 more ...; __brand__?: \"platform-web\" | { ...; }; } & ... 10 more ... & DataAnalyticsAttribute> & RefAttributes<...>'",
      "index.tsx:48:13 - error TS2322: Type '\"surface.background.white.normal\"' is not assignable to type '\"transparent\" | \"surface.background.gray.subtle\" | \"surface.background.gray.moderate\" | \"surface.background.gray.intense\" | \"surface.background.primary.subtle\" | \"surface.background.primary.intense\" | ... 6 more ... | { ...; }'.\n\n48             backgroundColor=\"surface.background.white.normal\"\n               ~~~~~~~~~~~~~~~\n\n  packages/blade/build/types/components/index.d.ts:1956:5\n    1956     backgroundColor: \"transparent\" | \"surface.background.gray.subtle\" | \"surface.background.gray.moderate\" | \"surface.background.gray.intense\" | \"surface.background.primary.subtle\" | \"surface.background.primary.intense\" | \"surface.background.sea.subtle\" | \"surface.background.sea.intense\" | \"surface.background.cloud.subtle\" | \"surface.background.cloud.intense\" | \"overlay.background.subtle\" | \"overlay.background.moderate\";\n             ~~~~~~~~~~~~~~~\n    The expected type comes from property 'backgroundColor' which is declared here on type 'IntrinsicAttributes & Partial<PaddingProps & MarginProps & { width: SpacingValueType | { readonly base?: SpacingValueType; ... 4 more ...; readonly xl?: SpacingValueType; }; ... 11 more ...; __brand__?: \"platform-web\" | { ...; }; } & ... 10 more ... & DataAnalyticsAttribute> & RefAttributes<...>'"
    ]
  },
  {
    "file": "/Users/kamlesh.c/razorpay/blade/packages/blade-mcp/knowledgebase/Table.md",
    "errors": [
      "index.tsx:106:67 - error TS2322: Type '{ children: string; variant: \"secondary\"; marginRight: \"spacing.2\"; leadingIcon: IconComponent; }' is not assignable to type 'IntrinsicAttributes & (ButtonProps & RefAttributes<BladeElementRef>)'.\n  Property 'leadingIcon' does not exist on type 'IntrinsicAttributes & (ButtonProps & RefAttributes<BladeElementRef>)'.\n\n106               <Button variant=\"secondary\" marginRight=\"spacing.2\" leadingIcon={PlusIcon}>\n                                                                      ~~~~~~~~~~~"
    ]
  },
  {
    "file": "/Users/kamlesh.c/razorpay/blade/packages/blade-mcp/knowledgebase/StepGroup.md",
    "errors": [
      "index.tsx:16:33 - error TS1005: ',' expected.\n\n16       timestamp: 'Mon, 15th Oct'23 | 12:00pm',\n                                   ~~",
      "index.tsx:16:36 - error TS1005: ':' expected.\n\n16       timestamp: 'Mon, 15th Oct'23 | 12:00pm',\n                                      ~",
      "index.tsx:16:40 - error TS1005: ',' expected.\n\n16       timestamp: 'Mon, 15th Oct'23 | 12:00pm',\n                                          ~",
      "index.tsx:16:41 - error TS1121: Octal literals are not allowed. Use the syntax '0o0'.\n\n16       timestamp: 'Mon, 15th Oct'23 | 12:00pm',\n                                           ~~",
      "index.tsx:16:43 - error TS1005: ':' expected.\n\n16       timestamp: 'Mon, 15th Oct'23 | 12:00pm',\n                                             ~~",
      "index.tsx:16:43 - error TS2304: Cannot find name 'pm'.\n\n16       timestamp: 'Mon, 15th Oct'23 | 12:00pm',\n                                             ~~",
      "index.tsx:16:45 - error TS1005: ',' expected.\n\n16       timestamp: 'Mon, 15th Oct'23 | 12:00pm',\n                                               ~~",
      "index.tsx:16:47 - error TS1002: Unterminated string literal.\n\n16       timestamp: 'Mon, 15th Oct'23 | 12:00pm',",
      "index.tsx:17:7 - error TS1005: ':' expected.\n\n17       description: 'Introduction to Razorpay Payment Gateway',\n         ~~~~~~~~~~~",
      "index.tsx:17:7 - error TS2304: Cannot find name 'description'.\n\n17       description: 'Introduction to Razorpay Payment Gateway',\n         ~~~~~~~~~~~",
      "index.tsx:17:18 - error TS1005: ',' expected.\n\n17       description: 'Introduction to Razorpay Payment Gateway',\n                    ~",
      "index.tsx:17:62 - error TS1005: ':' expected.\n\n17       description: 'Introduction to Razorpay Payment Gateway',\n                                                                ~",
      "index.tsx:21:33 - error TS1005: ',' expected.\n\n21       timestamp: 'Mon, 16th Oct'23 | 12:00pm',\n                                   ~~",
      "index.tsx:21:36 - error TS1005: ':' expected.\n\n21       timestamp: 'Mon, 16th Oct'23 | 12:00pm',\n                                      ~",
      "index.tsx:21:40 - error TS1005: ',' expected.\n\n21       timestamp: 'Mon, 16th Oct'23 | 12:00pm',\n                                          ~",
      "index.tsx:21:41 - error TS1121: Octal literals are not allowed. Use the syntax '0o0'.\n\n21       timestamp: 'Mon, 16th Oct'23 | 12:00pm',\n                                           ~~",
      "index.tsx:21:43 - error TS1005: ':' expected.\n\n21       timestamp: 'Mon, 16th Oct'23 | 12:00pm',\n                                             ~~",
      "index.tsx:21:43 - error TS2304: Cannot find name 'pm'.\n\n21       timestamp: 'Mon, 16th Oct'23 | 12:00pm',\n                                             ~~",
      "index.tsx:21:45 - error TS1005: ',' expected.\n\n21       timestamp: 'Mon, 16th Oct'23 | 12:00pm',\n                                               ~~",
      "index.tsx:21:47 - error TS1002: Unterminated string literal.\n\n21       timestamp: 'Mon, 16th Oct'23 | 12:00pm',",
      "index.tsx:22:7 - error TS1005: ':' expected.\n\n22       description: 'Fill your Personal Details for onboarding',\n         ~~~~~~~~~~~",
      "index.tsx:22:7 - error TS2304: Cannot find name 'description'.\n\n22       description: 'Fill your Personal Details for onboarding',\n         ~~~~~~~~~~~",
      "index.tsx:22:18 - error TS1005: ',' expected.\n\n22       description: 'Fill your Personal Details for onboarding',\n                    ~",
      "index.tsx:22:63 - error TS1005: ':' expected.\n\n22       description: 'Fill your Personal Details for onboarding',\n                                                                 ~",
      "index.tsx:26:33 - error TS1005: ',' expected.\n\n26       timestamp: 'Mon, 17th Oct'23 | 12:00pm',\n                                   ~~",
      "index.tsx:26:36 - error TS1005: ':' expected.\n\n26       timestamp: 'Mon, 17th Oct'23 | 12:00pm',\n                                      ~",
      "index.tsx:26:40 - error TS1005: ',' expected.\n\n26       timestamp: 'Mon, 17th Oct'23 | 12:00pm',\n                                          ~",
      "index.tsx:26:41 - error TS1121: Octal literals are not allowed. Use the syntax '0o0'.\n\n26       timestamp: 'Mon, 17th Oct'23 | 12:00pm',\n                                           ~~",
      "index.tsx:26:43 - error TS1005: ':' expected.\n\n26       timestamp: 'Mon, 17th Oct'23 | 12:00pm',\n                                             ~~",
      "index.tsx:26:43 - error TS2304: Cannot find name 'pm'.\n\n26       timestamp: 'Mon, 17th Oct'23 | 12:00pm',\n                                             ~~",
      "index.tsx:26:45 - error TS1005: ',' expected.\n\n26       timestamp: 'Mon, 17th Oct'23 | 12:00pm',\n                                               ~~",
      "index.tsx:26:47 - error TS1002: Unterminated string literal.\n\n26       timestamp: 'Mon, 17th Oct'23 | 12:00pm',",
      "index.tsx:27:7 - error TS1005: ':' expected.\n\n27       description: 'Fill your Business Details for onboarding',\n         ~~~~~~~~~~~",
      "index.tsx:27:7 - error TS2304: Cannot find name 'description'.\n\n27       description: 'Fill your Business Details for onboarding',\n         ~~~~~~~~~~~",
      "index.tsx:27:18 - error TS1005: ',' expected.\n\n27       description: 'Fill your Business Details for onboarding',\n                    ~",
      "index.tsx:27:63 - error TS1005: ':' expected.\n\n27       description: 'Fill your Business Details for onboarding',\n                                                                 ~",
      "index.tsx:32:33 - error TS1005: ',' expected.\n\n32       timestamp: 'Mon, 20th Oct'23 | 12:00pm',\n                                   ~~",
      "index.tsx:32:36 - error TS1005: ':' expected.\n\n32       timestamp: 'Mon, 20th Oct'23 | 12:00pm',\n                                      ~",
      "index.tsx:32:40 - error TS1005: ',' expected.\n\n32       timestamp: 'Mon, 20th Oct'23 | 12:00pm',\n                                          ~",
      "index.tsx:32:41 - error TS1121: Octal literals are not allowed. Use the syntax '0o0'.\n\n32       timestamp: 'Mon, 20th Oct'23 | 12:00pm',\n                                           ~~",
      "index.tsx:32:43 - error TS1005: ':' expected.\n\n32       timestamp: 'Mon, 20th Oct'23 | 12:00pm',\n                                             ~~",
      "index.tsx:32:43 - error TS2304: Cannot find name 'pm'.\n\n32       timestamp: 'Mon, 20th Oct'23 | 12:00pm',\n                                             ~~",
      "index.tsx:32:45 - error TS1005: ',' expected.\n\n32       timestamp: 'Mon, 20th Oct'23 | 12:00pm',\n                                               ~~",
      "index.tsx:32:47 - error TS1002: Unterminated string literal.\n\n32       timestamp: 'Mon, 20th Oct'23 | 12:00pm',",
      "index.tsx:33:7 - error TS1005: ':' expected.\n\n33       description: 'Complete your onboarding to start',\n         ~~~~~~~~~~~",
      "index.tsx:33:7 - error TS2304: Cannot find name 'description'.\n\n33       description: 'Complete your onboarding to start',\n         ~~~~~~~~~~~",
      "index.tsx:33:18 - error TS1005: ',' expected.\n\n33       description: 'Complete your onboarding to start',\n                    ~",
      "index.tsx:33:55 - error TS1005: ':' expected.\n\n33       description: 'Complete your onboarding to start',\n                                                         ~"
    ]
  },
  {
    "file": "/Users/kamlesh.c/razorpay/blade/packages/blade-mcp/knowledgebase/SpotlightPopoverTour.md",
    "errors": [
      "index.tsx:108:9 - error TS2322: Type '{ name: string; title: string; content: () => Element; placement: string; footer: ({ activeStep, totalSteps, goToNext, goToPrevious, stopTour }: { activeStep: any; totalSteps: any; goToNext: any; goToPrevious: any; stopTour: any; }) => Element; }[]' is not assignable to type 'SpotlightPopoverTourSteps'.\n  Type '{ name: string; title: string; content: () => JSX.Element; placement: string; footer: ({ activeStep, totalSteps, goToNext, goToPrevious, stopTour }: { activeStep: any; totalSteps: any; goToNext: any; goToPrevious: any; stopTour: any; }) => JSX.Element; }' is not assignable to type 'Step'.\n    Types of property 'placement' are incompatible.\n      Type 'string' is not assignable to type 'Placement'.\n\n108         steps={steps}\n            ~~~~~\n\n  packages/blade/build/types/components/index.d.ts:21800:5\n    21800     steps: SpotlightPopoverTourSteps;\n              ~~~~~\n    The expected type comes from property 'steps' which is declared here on type 'IntrinsicAttributes & SpotlightPopoverTourProps'"
    ]
  },
  {
    "file": "/Users/kamlesh.c/razorpay/blade/packages/blade-mcp/knowledgebase/SpotlightPopoverTour.md",
    "errors": [
      "index.tsx:150:9 - error TS2322: Type '({ name: string; title: string; content: () => Element; placement: string; footer: (props: any) => Element; } | { name: string; title: string; content: () => Element; footer: ({ stopTour }: { ...; }) => Element; placement?: undefined; })[]' is not assignable to type 'SpotlightPopoverTourSteps'.\n  Type '{ name: string; title: string; content: () => Element; placement: string; footer: (props: any) => Element; } | { name: string; title: string; content: () => Element; footer: ({ stopTour }: { ...; }) => Element; placement?: undefined; }' is not assignable to type 'Step'.\n    Type '{ name: string; title: string; content: () => Element; placement: string; footer: (props: any) => Element; }' is not assignable to type 'Step'.\n      Types of property 'placement' are incompatible.\n        Type 'string' is not assignable to type 'Placement'.\n\n150         steps={steps}\n            ~~~~~\n\n  packages/blade/build/types/components/index.d.ts:21800:5\n    21800     steps: SpotlightPopoverTourSteps;\n              ~~~~~\n    The expected type comes from property 'steps' which is declared here on type 'IntrinsicAttributes & SpotlightPopoverTourProps'"
    ]
  },
  {
    "file": "/Users/kamlesh.c/razorpay/blade/packages/blade-mcp/knowledgebase/SideNav.md",
    "errors": [
      "index.tsx:203:9 - error TS2322: Type '{ children: Element[]; isOpen: boolean; onDismiss: () => void; onVisibleLevelChange: ({ visibleLevel }: { visibleLevel: number; }) => void; banner: Element; testID: string; position: \"absolute\"; elevation: string; }' is not assignable to type 'IntrinsicAttributes & { children: ReactNode; isOpen?: boolean; onDismiss?: () => void; onVisibleLevelChange?: ({ visibleLevel }: { visibleLevel: number; }) => void; banner?: ReactElement<...>; } & Partial<...> & TestID & RefAttributes<...>'.\n  Property 'elevation' does not exist on type 'IntrinsicAttributes & { children: ReactNode; isOpen?: boolean; onDismiss?: () => void; onVisibleLevelChange?: ({ visibleLevel }: { visibleLevel: number; }) => void; banner?: ReactElement<...>; } & Partial<...> & TestID & RefAttributes<...>'.\n\n203         elevation=\"raised\"\n            ~~~~~~~~~"
    ]
  },
  {
    "file": "/Users/kamlesh.c/razorpay/blade/packages/blade-mcp/knowledgebase/SelectInput.md",
    "errors": [
      "index.tsx:55:11 - error TS2322: Type 'string' is not assignable to type '\"none\" | \"error\" | \"success\"'.\n\n55           validationState={validationState}\n             ~~~~~~~~~~~~~~~\n\n  packages/blade/build/types/components/index.d.ts:15123:5\n    15123     validationState?: 'success' | 'error' | 'none';\n              ~~~~~~~~~~~~~~~\n    The expected type comes from property 'validationState' which is declared here on type 'IntrinsicAttributes & ((({ label?: undefined; accessibilityLabel: string; } | { label: string; accessibilityLabel?: string; }) & Pick<BaseInputProps, \"validationState\" | ... 18 more ... | \"suffix\"> & { ...; }) & RefAttributes<...>)'"
    ]
  },
  {
    "file": "/Users/kamlesh.c/razorpay/blade/packages/blade-mcp/knowledgebase/SelectInput.md",
    "errors": [
      "index.tsx:42:7 - error TS2322: Type '\"surface.background.white.normal\"' is not assignable to type '\"transparent\" | \"surface.background.gray.subtle\" | \"surface.background.gray.moderate\" | \"surface.background.gray.intense\" | \"surface.background.primary.subtle\" | \"surface.background.primary.intense\" | ... 6 more ... | { ...; }'.\n\n42       backgroundColor=\"surface.background.white.normal\"\n         ~~~~~~~~~~~~~~~\n\n  packages/blade/build/types/components/index.d.ts:1956:5\n    1956     backgroundColor: \"transparent\" | \"surface.background.gray.subtle\" | \"surface.background.gray.moderate\" | \"surface.background.gray.intense\" | \"surface.background.primary.subtle\" | \"surface.background.primary.intense\" | \"surface.background.sea.subtle\" | \"surface.background.sea.intense\" | \"surface.background.cloud.subtle\" | \"surface.background.cloud.intense\" | \"overlay.background.subtle\" | \"overlay.background.moderate\";\n             ~~~~~~~~~~~~~~~\n    The expected type comes from property 'backgroundColor' which is declared here on type 'IntrinsicAttributes & Partial<PaddingProps & MarginProps & { width: SpacingValueType | { readonly base?: SpacingValueType; ... 4 more ...; readonly xl?: SpacingValueType; }; ... 11 more ...; __brand__?: \"platform-web\" | { ...; }; } & ... 10 more ... & DataAnalyticsAttribute> & RefAttributes<...>'",
      "index.tsx:44:7 - error TS2322: Type '\"1px\"' is not assignable to type '\"none\" | \"thinner\" | \"thin\" | \"thick\" | \"thicker\" | { readonly base?: \"none\" | \"thinner\" | \"thin\" | \"thick\" | \"thicker\"; readonly xs?: \"none\" | \"thinner\" | \"thin\" | \"thick\" | \"thicker\"; readonly s?: \"none\" | ... 3 more ... | \"thicker\"; readonly m?: \"none\" | ... 3 more ... | \"thicker\"; readonly l?: \"none\" | ... 3 mor...'.\n\n44       borderWidth=\"1px\"\n         ~~~~~~~~~~~\n\n  packages/blade/build/types/components/index.d.ts:1939:5\n    1939     borderWidth: \"none\" | \"thinner\" | \"thin\" | \"thick\" | \"thicker\" | {\n             ~~~~~~~~~~~\n    The expected type comes from property 'borderWidth' which is declared here on type 'IntrinsicAttributes & Partial<PaddingProps & MarginProps & { width: SpacingValueType | { readonly base?: SpacingValueType; ... 4 more ...; readonly xl?: SpacingValueType; }; ... 11 more ...; __brand__?: \"platform-web\" | { ...; }; } & ... 10 more ... & DataAnalyticsAttribute> & RefAttributes<...>'",
      "index.tsx:46:7 - error TS2322: Type '\"border.neutral.muted\"' is not assignable to type '\"surface.border.gray.subtle\" | \"surface.border.gray.normal\" | \"surface.border.gray.muted\" | \"surface.border.primary.normal\" | \"surface.border.primary.muted\" | { readonly base?: \"surface.border.gray.subtle\" | ... 3 more ... | \"surface.border.primary.muted\"; ... 4 more ...; readonly xl?: \"surface.border.gray.subtle\" |...'.\n\n46       borderColor=\"border.neutral.muted\"\n         ~~~~~~~~~~~\n\n  packages/blade/build/types/components/index.d.ts:1915:5\n    1915     borderColor: \"surface.border.gray.subtle\" | \"surface.border.gray.normal\" | \"surface.border.gray.muted\" | \"surface.border.primary.normal\" | \"surface.border.primary.muted\" | {\n             ~~~~~~~~~~~\n    The expected type comes from property 'borderColor' which is declared here on type 'IntrinsicAttributes & Partial<PaddingProps & MarginProps & { width: SpacingValueType | { readonly base?: SpacingValueType; ... 4 more ...; readonly xl?: SpacingValueType; }; ... 11 more ...; __brand__?: \"platform-web\" | { ...; }; } & ... 10 more ... & DataAnalyticsAttribute> & RefAttributes<...>'",
      "index.tsx:48:13 - error TS2820: Type '\"xlarge\"' is not assignable to type '\"small\" | \"medium\" | \"xsmall\" | \"large\"'. Did you mean '\"large\"'?\n\n48       <Text size=\"xlarge\" weight=\"semibold\" marginBottom=\"spacing.4\">\n               ~~~~\n\n  packages/blade/build/types/components/index.d.ts:11100:5\n    11100     size?: Extract<BaseTextSizes, 'xsmall' | 'small' | 'medium' | 'large'>;\n              ~~~~\n    The expected type comes from property 'size' which is declared here on type 'IntrinsicAttributes & ((TextBodyVariant | TextCaptionVariant) & RefAttributes<BladeElementRef>)'",
      "index.tsx:73:31 - error TS2739: Type '{ children: string; }' is missing the following properties from type 'ActionListItemAssetProps': src, alt\n\n73                     leading={<ActionListItemAsset>{currency.symbol}</ActionListItemAsset>}\n                                 ~~~~~~~~~~~~~~~~~~~",
      "index.tsx:82:26 - error TS2820: Type '\"xlarge\"' is not assignable to type '\"small\" | \"medium\" | \"xsmall\" | \"large\"'. Did you mean '\"large\"'?\n\n82           <Text as=\"div\" size=\"xlarge\" weight=\"semibold\" padding=\"spacing.3\">\n                            ~~~~\n\n  packages/blade/build/types/components/index.d.ts:11100:5\n    11100     size?: Extract<BaseTextSizes, 'xsmall' | 'small' | 'medium' | 'large'>;\n              ~~~~\n    The expected type comes from property 'size' which is declared here on type 'IntrinsicAttributes & ((TextBodyVariant | TextCaptionVariant) & RefAttributes<BladeElementRef>)'",
      "index.tsx:89:28 - error TS2322: Type '\"text.neutral.muted\"' is not assignable to type 'TextColors | \"currentColor\"'.\n\n89         <Text size=\"small\" color=\"text.neutral.muted\">\n                              ~~~~~\n\n  packages/blade/build/types/components/index.d.ts:11092:5\n    11092     color?: BaseTextProps['color'];\n              ~~~~~\n    The expected type comes from property 'color' which is declared here on type 'IntrinsicAttributes & ((TextBodyVariant | TextCaptionVariant) & RefAttributes<BladeElementRef>)'"
    ]
  },
  {
    "file": "/Users/kamlesh.c/razorpay/blade/packages/blade-mcp/knowledgebase/SearchInput.md",
    "errors": [
      "index.tsx:82:26 - error TS2339: Property 'map' does not exist on type 'unknown'.\n\n82                   {items.map((item) => (\n                            ~~~",
      "index.tsx:83:22 - error TS2741: Property 'value' is missing in type '{ key: any; title: any; leading: Element; onClick: () => void; }' but required in type '{ title: string; description?: string; onClick?: (clickProps: { name: string; value?: boolean; event: Select<{ web: MouseEvent<Element, MouseEvent>; native: TouchEvent<TouchableOpacity>; }>; }) => void; ... 11 more ...; _onVirtualizedFocus?: (_virtuazedIndex: number) => void; }'.\n\n83                     <ActionListItem\n                        ~~~~~~~~~~~~~~\n\n  packages/blade/build/types/components/index.d.ts:4692:5\n    4692     value: string;\n             ~~~~~\n    'value' is declared here."
    ]
  },
  {
    "file": "/Users/kamlesh.c/razorpay/blade/packages/blade-mcp/knowledgebase/Popover.md",
    "errors": [
      "index.tsx:19:26 - error TS2322: Type '{ children: string; padding: string; }' is not assignable to type 'IntrinsicAttributes & ((TextBodyVariant | TextCaptionVariant) & RefAttributes<BladeElementRef>)'.\n  Property 'padding' does not exist on type 'IntrinsicAttributes & ((TextBodyVariant | TextCaptionVariant) & RefAttributes<BladeElementRef>)'.\n\n19           content={<Text padding=\"spacing.2\">This icon triggers a popover.</Text>}\n                            ~~~~~~~"
    ]
  },
  {
    "file": "/Users/kamlesh.c/razorpay/blade/packages/blade-mcp/knowledgebase/Popover.md",
    "errors": [
      "index.tsx:19:7 - error TS2322: Type '{ children: string; onMouseDown?: Select<{ web: MouseEventHandler<Element>; native: undefined; }>; onPointerDown?: Select<{ web: PointerEventHandler<Element>; native: undefined; }>; ... 9 more ...; ref: ForwardedRef<...>; }' is not assignable to type 'IntrinsicAttributes & Partial<PaddingProps & MarginProps & { width: SpacingValueType | { readonly base?: SpacingValueType; ... 4 more ...; readonly xl?: SpacingValueType; }; ... 11 more ...; __brand__?: \"platform-web\" | { ...; }; } & ... 10 more ... & DataAnalyticsAttribute> & RefAttributes<...>'.\n  Property 'role' does not exist on type 'IntrinsicAttributes & Partial<PaddingProps & MarginProps & { width: SpacingValueType | { readonly base?: SpacingValueType; ... 4 more ...; readonly xl?: SpacingValueType; }; ... 11 more ...; __brand__?: \"platform-web\" | { ...; }; } & ... 10 more ... & DataAnalyticsAttribute> & RefAttributes<...>'.\n\n19       role=\"button\"\n         ~~~~",
      "index.tsx:33:22 - error TS2322: Type '{ children: string; padding: string; }' is not assignable to type 'IntrinsicAttributes & ((TextBodyVariant | TextCaptionVariant) & RefAttributes<BladeElementRef>)'.\n  Property 'padding' does not exist on type 'IntrinsicAttributes & ((TextBodyVariant | TextCaptionVariant) & RefAttributes<BladeElementRef>)'.\n\n33       content={<Text padding=\"spacing.3\">This popover is triggered by a custom component.</Text>}\n                        ~~~~~~~"
    ]
  },
  {
    "file": "/Users/kamlesh.c/razorpay/blade/packages/blade-mcp/knowledgebase/PhoneNumberInput.md",
    "errors": []
  },
  {
    "file": "/Users/kamlesh.c/razorpay/blade/packages/blade-mcp/knowledgebase/PhoneNumberInput.md",
    "errors": [
      "index.tsx:69:28 - error TS2322: Type '\"text.neutral.subtle\"' is not assignable to type 'TextColors | \"currentColor\"'.\n\n69         <Text size=\"small\" color=\"text.neutral.subtle\">\n                              ~~~~~\n\n  packages/blade/build/types/components/index.d.ts:11092:5\n    11092     color?: BaseTextProps['color'];\n              ~~~~~\n    The expected type comes from property 'color' which is declared here on type 'IntrinsicAttributes & ((TextBodyVariant | TextCaptionVariant) & RefAttributes<BladeElementRef>)'"
    ]
  },
  {
    "file": "/Users/kamlesh.c/razorpay/blade/packages/blade-mcp/knowledgebase/PhoneNumberInput.md",
    "errors": [
      "index.tsx:28:9 - error TS2820: Type '\"surface.background.gray.muted\"' is not assignable to type '\"transparent\" | \"surface.background.gray.subtle\" | \"surface.background.gray.moderate\" | \"surface.background.gray.intense\" | \"surface.background.primary.subtle\" | \"surface.background.primary.intense\" | ... 6 more ... | { ...; }'. Did you mean '\"surface.background.gray.subtle\"'?\n\n28         backgroundColor=\"surface.background.gray.muted\"\n           ~~~~~~~~~~~~~~~\n\n  packages/blade/build/types/components/index.d.ts:1956:5\n    1956     backgroundColor: \"transparent\" | \"surface.background.gray.subtle\" | \"surface.background.gray.moderate\" | \"surface.background.gray.intense\" | \"surface.background.primary.subtle\" | \"surface.background.primary.intense\" | \"surface.background.sea.subtle\" | \"surface.background.sea.intense\" | \"surface.background.cloud.subtle\" | \"surface.background.cloud.intense\" | \"overlay.background.subtle\" | \"overlay.background.moderate\";\n             ~~~~~~~~~~~~~~~\n    The expected type comes from property 'backgroundColor' which is declared here on type 'IntrinsicAttributes & Partial<PaddingProps & MarginProps & { width: SpacingValueType | { readonly base?: SpacingValueType; ... 4 more ...; readonly xl?: SpacingValueType; }; ... 11 more ...; __brand__?: \"platform-web\" | { ...; }; } & ... 10 more ... & DataAnalyticsAttribute> & RefAttributes<...>'"
    ]
  },
  {
    "file": "/Users/kamlesh.c/razorpay/blade/packages/blade-mcp/knowledgebase/PhoneNumberInput.md",
    "errors": [
      "index.tsx:55:7 - error TS2322: Type '\"surface.background.white.normal\"' is not assignable to type '\"transparent\" | \"surface.background.gray.subtle\" | \"surface.background.gray.moderate\" | \"surface.background.gray.intense\" | \"surface.background.primary.subtle\" | \"surface.background.primary.intense\" | ... 6 more ... | { ...; }'.\n\n55       backgroundColor=\"surface.background.white.normal\"\n         ~~~~~~~~~~~~~~~\n\n  packages/blade/build/types/components/index.d.ts:1956:5\n    1956     backgroundColor: \"transparent\" | \"surface.background.gray.subtle\" | \"surface.background.gray.moderate\" | \"surface.background.gray.intense\" | \"surface.background.primary.subtle\" | \"surface.background.primary.intense\" | \"surface.background.sea.subtle\" | \"surface.background.sea.intense\" | \"surface.background.cloud.subtle\" | \"surface.background.cloud.intense\" | \"overlay.background.subtle\" | \"overlay.background.moderate\";\n             ~~~~~~~~~~~~~~~\n    The expected type comes from property 'backgroundColor' which is declared here on type 'IntrinsicAttributes & Partial<PaddingProps & MarginProps & { width: SpacingValueType | { readonly base?: SpacingValueType; ... 4 more ...; readonly xl?: SpacingValueType; }; ... 11 more ...; __brand__?: \"platform-web\" | { ...; }; } & ... 10 more ... & DataAnalyticsAttribute> & RefAttributes<...>'"
    ]
  },
  {
    "file": "/Users/kamlesh.c/razorpay/blade/packages/blade-mcp/knowledgebase/OTPInput.md",
    "errors": [
      "index.tsx:45:9 - error TS2322: Type 'string' is not assignable to type '\"none\" | \"success\" | \"error\"'.\n\n45         validationState={validationState}\n           ~~~~~~~~~~~~~~~\n\n  packages/blade/build/types/components/index.d.ts:15123:5\n    15123     validationState?: 'success' | 'error' | 'none';\n              ~~~~~~~~~~~~~~~\n    The expected type comes from property 'validationState' which is declared here on type 'IntrinsicAttributes & (OTPInputProps & RefAttributes<HTMLInputElement[]>)'",
      "index.tsx:72:28 - error TS2322: Type '\"text.error.normal\"' is not assignable to type 'TextColors | \"currentColor\"'.\n\n72         <Text size=\"small\" color=\"text.error.normal\">\n                              ~~~~~\n\n  packages/blade/build/types/components/index.d.ts:11092:5\n    11092     color?: BaseTextProps['color'];\n              ~~~~~\n    The expected type comes from property 'color' which is declared here on type 'IntrinsicAttributes & ((TextBodyVariant | TextCaptionVariant) & RefAttributes<BladeElementRef>)'"
    ]
  },
  {
    "file": "/Users/kamlesh.c/razorpay/blade/packages/blade-mcp/knowledgebase/OTPInput.md",
    "errors": [
      "index.tsx:46:13 - error TS2820: Type '\"xlarge\"' is not assignable to type '\"small\" | \"medium\" | \"xsmall\" | \"large\"'. Did you mean '\"large\"'?\n\n46       <Text size=\"xlarge\" weight=\"semibold\" marginBottom=\"spacing.5\">\n               ~~~~\n\n  packages/blade/build/types/components/index.d.ts:11100:5\n    11100     size?: Extract<BaseTextSizes, 'xsmall' | 'small' | 'medium' | 'large'>;\n              ~~~~\n    The expected type comes from property 'size' which is declared here on type 'IntrinsicAttributes & ((TextBodyVariant | TextCaptionVariant) & RefAttributes<BladeElementRef>)'",
      "index.tsx:101:13 - error TS2322: Type '{ children: string; onClick: () => void; isDisabled: boolean; width: string; }' is not assignable to type 'IntrinsicAttributes & (ButtonProps & RefAttributes<BladeElementRef>)'.\n  Property 'width' does not exist on type 'IntrinsicAttributes & (ButtonProps & RefAttributes<BladeElementRef>)'.\n\n101             width=\"100%\"\n                ~~~~~"
    ]
  },
  {
    "file": "/Users/kamlesh.c/razorpay/blade/packages/blade-mcp/knowledgebase/Morph.md",
    "errors": []
  },
  {
    "file": "/Users/kamlesh.c/razorpay/blade/packages/blade-mcp/knowledgebase/Morph.md",
    "errors": []
  },
  {
    "file": "/Users/kamlesh.c/razorpay/blade/packages/blade-mcp/knowledgebase/Morph.md",
    "errors": []
  },
  {
    "file": "/Users/kamlesh.c/razorpay/blade/packages/blade-mcp/knowledgebase/Modal.md",
    "errors": [
      "index.tsx:12:3 - error TS2305: Module '\"@razorpay/blade/components\"' has no exported member 'Select'.\n\n12   Select,\n     ~~~~~~",
      "index.tsx:13:3 - error TS2305: Module '\"@razorpay/blade/components\"' has no exported member 'TextField'.\n\n13   TextField,\n     ~~~~~~~~~",
      "index.tsx:58:9 - error TS2322: Type '{ children: Element[]; isOpen: boolean; onDismiss: () => void; size: \"small\" | \"medium\" | \"large\"; initialFocusRef: MutableRefObject<any>; accessibilityLabel: string; dataAnalyticsAction: string; }' is not assignable to type 'IntrinsicAttributes & { children: ReactNode; isOpen: boolean; onDismiss: () => void; initialFocusRef?: MutableRefObject<any>; size?: \"small\" | ... 2 more ... | \"full\"; accessibilityLabel?: string; zIndex?: number; }'.\n  Property 'dataAnalyticsAction' does not exist on type 'IntrinsicAttributes & { children: ReactNode; isOpen: boolean; onDismiss: () => void; initialFocusRef?: MutableRefObject<any>; size?: \"small\" | ... 2 more ... | \"full\"; accessibilityLabel?: string; zIndex?: number; }'.\n\n58         dataAnalyticsAction=\"address_selection\"\n           ~~~~~~~~~~~~~~~~~~~",
      "index.tsx:63:11 - error TS2322: Type '{ title: string; subtitle: string; dataAnalyticsContext: string; }' is not assignable to type 'IntrinsicAttributes & ModalHeaderProps'.\n  Property 'dataAnalyticsContext' does not exist on type 'IntrinsicAttributes & ModalHeaderProps'.\n\n63           dataAnalyticsContext=\"address_header\"\n             ~~~~~~~~~~~~~~~~~~~~",
      "index.tsx:66:20 - error TS2322: Type '{ children: Element; dataAnalyticsContext: string; }' is not assignable to type 'IntrinsicAttributes & { children: ReactNode; padding?: \"spacing.0\" | \"spacing.6\"; height?: SpacingValueType | { readonly base?: SpacingValueType; ... 4 more ...; readonly xl?: SpacingValueType; }; }'.\n  Property 'dataAnalyticsContext' does not exist on type 'IntrinsicAttributes & { children: ReactNode; padding?: \"spacing.0\" | \"spacing.6\"; height?: SpacingValueType | { readonly base?: SpacingValueType; ... 4 more ...; readonly xl?: SpacingValueType; }; }'.\n\n66         <ModalBody dataAnalyticsContext=\"address_body\">\n                      ~~~~~~~~~~~~~~~~~~~~",
      "index.tsx:69:21 - error TS2322: Type '\"bodyMedium\"' is not assignable to type '\"body\" | \"caption\"'.\n\n69               <Text variant=\"bodyMedium\" color=\"surface.text.gray.subtle\">\n                       ~~~~~~~\n\n  packages/blade/build/types/components/index.d.ts:11099:5\n    11099     variant?: Extract<TextVariant, 'body'>;\n              ~~~~~~~\n    The expected type comes from property 'variant' which is declared here on type 'IntrinsicAttributes & ((TextBodyVariant | TextCaptionVariant) & RefAttributes<BladeElementRef>)'",
      "index.tsx:89:22 - error TS2322: Type '{ children: Element; dataAnalyticsContext: string; }' is not assignable to type 'IntrinsicAttributes & ModalFooterProps'.\n  Property 'dataAnalyticsContext' does not exist on type 'IntrinsicAttributes & ModalFooterProps'.\n\n89         <ModalFooter dataAnalyticsContext=\"address_footer\">\n                        ~~~~~~~~~~~~~~~~~~~~"
    ]
  },
  {
    "file": "/Users/kamlesh.c/razorpay/blade/packages/blade-mcp/knowledgebase/ListView.md",
    "errors": [
      "index.tsx:273:11 - error TS2322: Type '{ children: (tableData: TableNode<PaymentItem>[]) => Element; data: TableData<PaymentItem>; defaultSelectedIds: string[]; onSelectionChange: (selectedIds: { ...; }) => void; isFirstColumnSticky: true; selectionType: \"single\"; accessibilityLabel: string; }' is not assignable to type 'IntrinsicAttributes & { children: (tableData: TableNode<PaymentItem>[]) => ReactElement<any, string | JSXElementConstructor<any>>; ... 19 more ...; backgroundColor?: \"surface.background.gray.subtle\" | ... 2 more ... | \"transparent\"; } & Partial<...>'.\n  Property 'accessibilityLabel' does not exist on type 'IntrinsicAttributes & { children: (tableData: TableNode<PaymentItem>[]) => ReactElement<any, string | JSXElementConstructor<any>>; ... 19 more ...; backgroundColor?: \"surface.background.gray.subtle\" | ... 2 more ... | \"transparent\"; } & Partial<...>'.\n\n273           accessibilityLabel=\"Payments history table\"\n              ~~~~~~~~~~~~~~~~~~"
    ]
  },
  {
    "file": "/Users/kamlesh.c/razorpay/blade/packages/blade-mcp/knowledgebase/ListView.md",
    "errors": [
      "index.tsx:13:3 - error TS2305: Module '\"@razorpay/blade/components\"' has no exported member 'Flex'.\n\n13   Flex,\n     ~~~~",
      "index.tsx:91:12 - error TS2741: Property 'children' is missing in type '{}' but required in type '{ children: ReactNode; onClearButtonClick?: () => void; showClearButton?: boolean; }'.\n\n91           <FilterChipGroup>{/* Filter chips */}</FilterChipGroup>\n              ~~~~~~~~~~~~~~~\n\n  packages/blade/build/types/components/index.d.ts:16327:5\n    16327     children: React__default.ReactNode;\n              ~~~~~~~~\n    'children' is declared here.",
      "index.tsx:94:10 - error TS2741: Property 'children' is missing in type '{ data: { nodes: any[]; }; }' but required in type '{ children: (tableData: any[]) => ReactElement<any, string | JSXElementConstructor<any>>; data: TableData<any>; multiSelectTrigger?: \"checkbox\" | \"row\"; ... 17 more ...; backgroundColor?: \"surface.background.gray.subtle\" | ... 2 more ... | \"transparent\"; }'.\n\n94         <Table data={listViewTableData}>{/* Table implementation */}</Table>\n            ~~~~~\n\n  packages/blade/build/types/components/index.d.ts:23379:5\n    23379     children: (tableData: TableNode<Item>[]) => React__default.ReactElement;\n              ~~~~~~~~\n    'children' is declared here."
    ]
  },
  {
    "file": "/Users/kamlesh.c/razorpay/blade/packages/blade-mcp/knowledgebase/List.md",
    "errors": [
      "index.tsx:51:41 - error TS2322: Type '\"bold\"' is not assignable to type '\"medium\" | \"semibold\" | \"regular\"'.\n\n51                 <ListItemText as=\"span\" weight=\"bold\" color=\"feedback.text.positive.intense\">\n                                           ~~~~~~\n\n  packages/blade/build/types/components/index.d.ts:11086:5\n    11086     weight?: Extract<BaseTextProps['fontWeight'], 'regular' | 'medium' | 'semibold'>;\n              ~~~~~~\n    The expected type comes from property 'weight' which is declared here on type 'IntrinsicAttributes & ListItemTextProps'",
      "index.tsx:78:41 - error TS2322: Type '\"bold\"' is not assignable to type '\"medium\" | \"semibold\" | \"regular\"'.\n\n78                 <ListItemText as=\"span\" weight=\"bold\" color=\"feedback.text.negative.intense\">\n                                           ~~~~~~\n\n  packages/blade/build/types/components/index.d.ts:11086:5\n    11086     weight?: Extract<BaseTextProps['fontWeight'], 'regular' | 'medium' | 'semibold'>;\n              ~~~~~~\n    The expected type comes from property 'weight' which is declared here on type 'IntrinsicAttributes & ListItemTextProps'"
    ]
  },
  {
    "file": "/Users/kamlesh.c/razorpay/blade/packages/blade-mcp/knowledgebase/Link.md",
    "errors": [
      "index.tsx:40:10 - error TS2322: Type '{ children: string; href: string; variant: \"button\"; icon: IconComponent; iconPosition: \"left\"; onClick: () => void; size: \"large\"; }' is not assignable to type 'IntrinsicAttributes & (LinkProps & RefAttributes<BladeElementRef>)'.\n  Types of property 'href' are incompatible.\n    Type 'string' is not assignable to type 'never'.\n\n40         <Link\n            ~~~~",
      "index.tsx:65:11 - error TS2322: Type '\"border.radius.4\"' is not assignable to type '\"small\" | \"none\" | \"medium\" | \"large\" | \"xlarge\" | \"2xlarge\" | \"xsmall\" | \"max\" | \"round\" | { readonly base?: \"small\" | \"none\" | \"medium\" | \"large\" | \"xlarge\" | \"2xlarge\" | \"xsmall\" | \"max\" | \"round\"; ... 4 more ...; readonly xl?: \"small\" | ... 7 more ... | \"round\"; }'.\n\n65           borderRadius=\"border.radius.4\"\n             ~~~~~~~~~~~~\n\n  packages/blade/build/types/components/index.d.ts:1923:5\n    1923     borderRadius: \"none\" | \"xsmall\" | \"small\" | \"medium\" | \"large\" | \"xlarge\" | \"2xlarge\" | \"max\" | \"round\" | {\n             ~~~~~~~~~~~~\n    The expected type comes from property 'borderRadius' which is declared here on type 'IntrinsicAttributes & Partial<PaddingProps & MarginProps & { width: SpacingValueType | { readonly base?: SpacingValueType; ... 4 more ...; readonly xl?: SpacingValueType; }; ... 11 more ...; __brand__?: \"platform-web\" | { ...; }; } & ... 10 more ... & DataAnalyticsAttribute> & RefAttributes<...>'"
    ]
  },
  {
    "file": "/Users/kamlesh.c/razorpay/blade/packages/blade-mcp/knowledgebase/Icons.md",
    "errors": [
      "index.tsx:26:38 - error TS2322: Type '\"surface.icon.success.normal\"' is not assignable to type 'IconColors | \"currentColor\"'.\n\n26       <CheckCircleIcon size=\"medium\" color=\"surface.icon.success.normal\" />\n                                        ~~~~~\n\n  packages/blade/build/types/components/index.d.ts:1974:5\n    1974     color?: IconColors | 'currentColor';\n             ~~~~~\n    The expected type comes from property 'color' which is declared here on type 'IntrinsicAttributes & { color?: IconColors | \"currentColor\"; size?: IconSize; } & Partial<Omit<MarginProps & Pick<FlexboxProps, \"alignSelf\" | ... 2 more ... | \"order\"> & PositionProps & Pick<...> & Pick<...> & Pick<...>, \"__brand__\">>'",
      "index.tsx:27:31 - error TS2820: Type '\"surface.icon.error.normal\"' is not assignable to type 'IconColors | \"currentColor\"'. Did you mean '\"surface.icon.gray.normal\"'?\n\n27       <CloseIcon size=\"large\" color=\"surface.icon.error.normal\" />\n                                 ~~~~~\n\n  packages/blade/build/types/components/index.d.ts:1974:5\n    1974     color?: IconColors | 'currentColor';\n             ~~~~~\n    The expected type comes from property 'color' which is declared here on type 'IntrinsicAttributes & { color?: IconColors | \"currentColor\"; size?: IconSize; } & Partial<Omit<MarginProps & Pick<FlexboxProps, \"alignSelf\" | ... 2 more ... | \"order\"> & PositionProps & Pick<...> & Pick<...> & Pick<...>, \"__brand__\">>'",
      "index.tsx:28:31 - error TS2820: Type '\"surface.icon.information.normal\"' is not assignable to type 'IconColors | \"currentColor\"'. Did you mean '\"interactive.icon.information.normal\"'?\n\n28       <InfoIcon size=\"xlarge\" color=\"surface.icon.information.normal\" />\n                                 ~~~~~\n\n  packages/blade/build/types/components/index.d.ts:1974:5\n    1974     color?: IconColors | 'currentColor';\n             ~~~~~\n    The expected type comes from property 'color' which is declared here on type 'IntrinsicAttributes & { color?: IconColors | \"currentColor\"; size?: IconSize; } & Partial<Omit<MarginProps & Pick<FlexboxProps, \"alignSelf\" | ... 2 more ... | \"order\"> & PositionProps & Pick<...> & Pick<...> & Pick<...>, \"__brand__\">>'",
      "index.tsx:29:41 - error TS2820: Type '\"surface.icon.warning.normal\"' is not assignable to type 'IconColors | \"currentColor\"'. Did you mean '\"surface.icon.gray.normal\"'?\n\n29       <AlertTriangleIcon size=\"2xlarge\" color=\"surface.icon.warning.normal\" />\n                                           ~~~~~\n\n  packages/blade/build/types/components/index.d.ts:1974:5\n    1974     color?: IconColors | 'currentColor';\n             ~~~~~\n    The expected type comes from property 'color' which is declared here on type 'IntrinsicAttributes & { color?: IconColors | \"currentColor\"; size?: IconSize; } & Partial<Omit<MarginProps & Pick<FlexboxProps, \"alignSelf\" | ... 2 more ... | \"order\"> & PositionProps & Pick<...> & Pick<...> & Pick<...>, \"__brand__\">>'"
    ]
  },
  {
    "file": "/Users/kamlesh.c/razorpay/blade/packages/blade-mcp/knowledgebase/IconButton.md",
    "errors": [
      "index.tsx:34:13 - error TS2322: Type '{ icon: IconComponent; isDisabled: true; accessibilityLabel: string; testID: string; \"data-analytics\": string; }' is not assignable to type 'IntrinsicAttributes & { icon: IconComponent; size?: \"small\" | \"medium\" | \"large\"; emphasis?: \"subtle\" | \"intense\"; accessibilityLabel: string; isDisabled?: boolean; _tabIndex?: number; } & ... 4 more ... & RefAttributes<...>'.\n  Property 'testID' does not exist on type 'IntrinsicAttributes & { icon: IconComponent; size?: \"small\" | \"medium\" | \"large\"; emphasis?: \"subtle\" | \"intense\"; accessibilityLabel: string; isDisabled?: boolean; _tabIndex?: number; } & ... 4 more ... & RefAttributes<...>'.\n\n34             testID=\"info-button\"\n               ~~~~~~"
    ]
  },
  {
    "file": "/Users/kamlesh.c/razorpay/blade/packages/blade-mcp/knowledgebase/Heading.md",
    "errors": [
      "index.tsx:39:43 - error TS2820: Type '\"feedback.text.success.intense\"' is not assignable to type 'TextColors | \"currentColor\"'. Did you mean '\"feedback.text.notice.intense\"'?\n\n39           <Heading as=\"span\" size=\"small\" color=\"feedback.text.success.intense\">\n                                             ~~~~~\n\n  packages/blade/build/types/components/index.d.ts:10516:5\n    10516     color?: BaseTextProps['color'];\n              ~~~~~\n    The expected type comes from property 'color' which is declared here on type 'IntrinsicAttributes & { as?: \"h1\" | \"h2\" | \"h3\" | \"h4\" | \"h5\" | \"h6\" | \"span\"; color?: TextColors | \"currentColor\"; weight?: \"regular\" | \"semibold\"; ... 4 more ...; wordBreak?: \"normal\" | ... 2 more ... | \"break-word\"; } & TestID & Partial<...> & RefAttributes<...>'"
    ]
  },
  {
    "file": "/Users/kamlesh.c/razorpay/blade/packages/blade-mcp/knowledgebase/FileUpload.md",
    "errors": [
      "index.tsx:43:11 - error TS2322: Type 'string' is not assignable to type '\"none\" | \"error\"'.\n\n43           validationState={validationState}\n             ~~~~~~~~~~~~~~~\n\n  packages/blade/build/types/components/index.d.ts:16598:5\n    16598     validationState?: 'none' | 'error';\n              ~~~~~~~~~~~~~~~\n    The expected type comes from property 'validationState' which is declared here on type 'IntrinsicAttributes & (FileUploadProps & RefAttributes<BladeElementRef>)'"
    ]
  },
  {
    "file": "/Users/kamlesh.c/razorpay/blade/packages/blade-mcp/knowledgebase/FileUpload.md",
    "errors": [
      "index.tsx:55:22 - error TS2339: Property 'fileList' does not exist on type '{ file: File; }'.\n\n55         onRemove={({ fileList: updatedList }) => setFileList(updatedList)}\n                        ~~~~~~~~"
    ]
  },
  {
    "file": "/Users/kamlesh.c/razorpay/blade/packages/blade-mcp/knowledgebase/Fade.md",
    "errors": []
  },
  {
    "file": "/Users/kamlesh.c/razorpay/blade/packages/blade-mcp/knowledgebase/Dropdown.md",
    "errors": [
      "index.tsx:63:11 - error TS2322: Type '{ label: string; placeholder: string; value: string[]; onChange: (values: { name?: string; values: string[]; }) => void; onInputChange: (text: any) => void; maxRows: \"multiple\"; size: \"medium\"; }' is not assignable to type 'IntrinsicAttributes & Pick<BaseInputProps, \"prefix\" | \"testID\" | \"label\" | \"name\" | `data-analytics-${string}` | \"size\" | \"onBlur\" | \"onFocus\" | \"autoFocus\" | ... 10 more ... | \"suffix\"> & { ...; } & { ...; } & RefAttributes<...>'.\n  Property 'onInputChange' does not exist on type 'IntrinsicAttributes & Pick<BaseInputProps, \"prefix\" | \"testID\" | \"label\" | \"name\" | `data-analytics-${string}` | \"size\" | \"onBlur\" | \"onFocus\" | \"autoFocus\" | ... 10 more ... | \"suffix\"> & { ...; } & { ...; } & RefAttributes<...>'.\n\n63           onInputChange={(text) => {\n             ~~~~~~~~~~~~~",
      "index.tsx:70:26 - error TS2322: Type '{ children: Element[]; maxHeight: string; }' is not assignable to type 'IntrinsicAttributes & { children: ReactElement<any, string | JSXElementConstructor<any>> | ReactElement<any, string | JSXElementConstructor<...>>[]; ... 5 more ...; defaultPlacement?: Placement; } & TestID'.\n  Property 'maxHeight' does not exist on type 'IntrinsicAttributes & { children: ReactElement<any, string | JSXElementConstructor<any>> | ReactElement<any, string | JSXElementConstructor<...>>[]; ... 5 more ...; defaultPlacement?: Placement; } & TestID'.\n\n70         <DropdownOverlay maxHeight=\"300px\">\n                            ~~~~~~~~~",
      "index.tsx:75:43 - error TS2339: Property 'target' does not exist on type '{ name?: string; values: string[]; }'.\n\n75               onChange={(e) => setQuery(e.target.value)}\n                                             ~~~~~~"
    ]
  },
  {
    "file": "/Users/kamlesh.c/razorpay/blade/packages/blade-mcp/knowledgebase/Drawer.md",
    "errors": [
      "index.tsx:33:29 - error TS2322: Type 'string' is not assignable to type 'IconComponent'.\n\n33           trailing={<Button icon=\"download\" accessibilityLabel=\"Download details\" />}\n                               ~~~~\n\n  packages/blade/build/types/components/index.d.ts:4566:5\n    4566     icon?: undefined;\n             ~~~~\n    The expected type comes from property 'icon' which is declared here on type 'IntrinsicAttributes & (ButtonProps & RefAttributes<BladeElementRef>)'"
    ]
  },
  {
    "file": "/Users/kamlesh.c/razorpay/blade/packages/blade-mcp/knowledgebase/Divider.md",
    "errors": [
      "index.tsx:9:34 - error TS2322: Type '{ marginY: \"spacing.2\"; borderColor: string; borderWidth: string; }' is not assignable to type 'IntrinsicAttributes & { orientation?: \"horizontal\" | \"vertical\"; dividerStyle?: \"dashed\" | \"solid\"; variant?: \"normal\" | \"subtle\" | \"muted\"; thickness?: \"thick\" | ... 2 more ... | \"thicker\"; height?: Height<...>; width?: Width<...>; } & TestID & Partial<...> & RefAttributes<...>'.\n  Property 'borderColor' does not exist on type 'IntrinsicAttributes & { orientation?: \"horizontal\" | \"vertical\"; dividerStyle?: \"dashed\" | \"solid\"; variant?: \"normal\" | \"subtle\" | \"muted\"; thickness?: \"thick\" | ... 2 more ... | \"thicker\"; height?: Height<...>; width?: Width<...>; } & TestID & Partial<...> & RefAttributes<...>'.\n\n9     <Divider marginY=\"spacing.2\" borderColor=\"border.primary\" borderWidth=\"thick\" />\n                                   ~~~~~~~~~~~"
    ]
  },
  {
    "file": "/Users/kamlesh.c/razorpay/blade/packages/blade-mcp/knowledgebase/Display.md",
    "errors": [
      "index.tsx:27:42 - error TS2820: Type '\"feedback.text.success.intense\"' is not assignable to type 'TextColors | \"currentColor\"'. Did you mean '\"feedback.text.notice.intense\"'?\n\n27         <Display as=\"span\" size=\"medium\" color=\"feedback.text.success.intense\">\n                                            ~~~~~\n\n  packages/blade/build/types/components/index.d.ts:11208:5\n    11208     color?: BaseTextProps['color'];\n              ~~~~~\n    The expected type comes from property 'color' which is declared here on type 'IntrinsicAttributes & { as?: \"h1\" | \"h2\" | \"h3\" | \"h4\" | \"h5\" | \"h6\" | \"span\"; color?: TextColors | \"currentColor\"; size?: \"small\" | \"xlarge\" | \"medium\" | \"large\"; weight?: \"medium\" | ... 1 more ... | \"regular\"; children: ReactNode; textAlign?: \"left\" | ... 2 more ... | \"justify\"; textDecorationLine?: \"none\" | ... 1...'"
    ]
  },
  {
    "file": "/Users/kamlesh.c/razorpay/blade/packages/blade-mcp/knowledgebase/DatePicker.md",
    "errors": []
  },
  {
    "file": "/Users/kamlesh.c/razorpay/blade/packages/blade-mcp/knowledgebase/DatePicker.md",
    "errors": [
      "index.tsx:21:11 - error TS2322: Type '\"small\"' is not assignable to type '\"medium\" | \"large\"'.\n\n21           size=\"small\"\n             ~~~~\n\n  packages/blade/build/types/components/index.d.ts:15361:5\n    15361     size?: 'medium' | 'large';\n              ~~~~\n    The expected type comes from property 'size' which is declared here on type 'IntrinsicAttributes & Omit<CalendarProps<\"single\">, MantineInternalProps> & Omit<DatePickerCommonInputProps, \"labelPosition\" | ... 5 more ... | \"referenceProps\"> & { ...; }'"
    ]
  },
  {
    "file": "/Users/kamlesh.c/razorpay/blade/packages/blade-mcp/knowledgebase/DatePicker.md",
    "errors": []
  },
  {
    "file": "/Users/kamlesh.c/razorpay/blade/packages/blade-mcp/knowledgebase/DatePicker.md",
    "errors": [
      "index.tsx:70:11 - error TS2322: Type 'string' is not assignable to type '{ start: string; end?: string; }'.\n\n70           helpText=\"Select a date range or use preset options\"\n             ~~~~~~~~\n\n  packages/blade/build/types/components/index.d.ts:15646:5\n    15646     helpText?: Type extends 'single' ? string : {\n              ~~~~~~~~\n    The expected type comes from property 'helpText' which is declared here on type 'IntrinsicAttributes & Omit<CalendarProps<\"range\">, MantineInternalProps> & Omit<DatePickerCommonInputProps, \"labelPosition\" | ... 5 more ... | \"referenceProps\"> & { ...; }'",
      "index.tsx:71:11 - error TS2322: Type '{ label: string; value: (date: Date) => any[]; }[]' is not assignable to type 'Preset[]'.\n  Type '{ label: string; value: (date: Date) => any[]; }' is not assignable to type 'Preset'.\n    The types returned by 'value(...)' are incompatible between these types.\n      Type 'any[]' is not assignable to type 'DatesRangeValue'.\n        Target requires 2 element(s) but source may have fewer.\n\n71           presets={datePresets}\n             ~~~~~~~\n\n  packages/blade/build/types/components/index.d.ts:15582:5\n    15582     presets?: Preset[];\n              ~~~~~~~\n    The expected type comes from property 'presets' which is declared here on type 'IntrinsicAttributes & Omit<CalendarProps<\"range\">, MantineInternalProps> & Omit<DatePickerCommonInputProps, \"labelPosition\" | ... 5 more ... | \"referenceProps\"> & { ...; }'",
      "index.tsx:79:50 - error TS2322: Type '\"text.error\"' is not assignable to type 'TextColors | \"currentColor\"'.\n\n79         <Text size=\"small\" marginTop=\"spacing.3\" color={hasRangeError ? 'text.error' : undefined}>\n                                                    ~~~~~\n\n  packages/blade/build/types/components/index.d.ts:11092:5\n    11092     color?: BaseTextProps['color'];\n              ~~~~~\n    The expected type comes from property 'color' which is declared here on type 'IntrinsicAttributes & ((TextBodyVariant | TextCaptionVariant) & RefAttributes<BladeElementRef>)'"
    ]
  },
  {
    "file": "/Users/kamlesh.c/razorpay/blade/packages/blade-mcp/knowledgebase/DatePicker.md",
    "errors": [
      "index.tsx:52:13 - error TS2322: Type '{ label: string; value: (date: Date) => any[]; }[]' is not assignable to type 'Preset[]'.\n  Type '{ label: string; value: (date: Date) => any[]; }' is not assignable to type 'Preset'.\n    The types returned by 'value(...)' are incompatible between these types.\n      Type 'any[]' is not assignable to type 'DatesRangeValue'.\n        Target requires 2 element(s) but source may have fewer.\n\n52             presets={datePresets}\n               ~~~~~~~\n\n  packages/blade/build/types/components/index.d.ts:15582:5\n    15582     presets?: Preset[];\n              ~~~~~~~\n    The expected type comes from property 'presets' which is declared here on type 'IntrinsicAttributes & Omit<DatePickerProps<\"single\" | \"range\">, \"label\"> & { label: string; onClearButtonClick?: () => void; }'"
    ]
  },
  {
    "file": "/Users/kamlesh.c/razorpay/blade/packages/blade-mcp/knowledgebase/DatePicker.md",
    "errors": [
      "index.tsx:18:68 - error TS2322: Type '\"small\"' is not assignable to type '\"medium\" | \"large\"'.\n\n18             <DatePicker selectionType=\"single\" label=\" \" size=\"small\" />\n                                                                      ~~~~\n\n  packages/blade/build/types/components/index.d.ts:15361:5\n    15361     size?: 'medium' | 'large';\n              ~~~~\n    The expected type comes from property 'size' which is declared here on type 'IntrinsicAttributes & Omit<CalendarProps<\"single\">, MantineInternalProps> & Omit<DatePickerCommonInputProps, \"labelPosition\" | ... 5 more ... | \"referenceProps\"> & { ...; }'",
      "index.tsx:28:69 - error TS2322: Type '\"small\"' is not assignable to type '\"medium\" | \"large\"'.\n\n28             <DatePicker selectionType=\"single\" label=\"Pilih Tarikh\" size=\"small\" />\n                                                                       ~~~~\n\n  packages/blade/build/types/components/index.d.ts:15361:5\n    15361     size?: 'medium' | 'large';\n              ~~~~\n    The expected type comes from property 'size' which is declared here on type 'IntrinsicAttributes & Omit<CalendarProps<\"single\">, MantineInternalProps> & Omit<DatePickerCommonInputProps, \"labelPosition\" | ... 5 more ... | \"referenceProps\"> & { ...; }'"
    ]
  },
  {
    "file": "/Users/kamlesh.c/razorpay/blade/packages/blade-mcp/knowledgebase/Collapsible.md",
    "errors": [
      "index.tsx:17:7 - error TS2322: Type '\"border.normal\"' is not assignable to type '\"surface.border.gray.subtle\" | \"surface.border.gray.normal\" | \"surface.border.gray.muted\" | \"surface.border.primary.normal\" | \"surface.border.primary.muted\" | { readonly base?: \"surface.border.gray.subtle\" | ... 3 more ... | \"surface.border.primary.muted\"; ... 4 more ...; readonly xl?: \"surface.border.gray.subtle\" |...'.\n\n17       borderColor=\"border.normal\"\n         ~~~~~~~~~~~\n\n  packages/blade/build/types/components/index.d.ts:1915:5\n    1915     borderColor: \"surface.border.gray.subtle\" | \"surface.border.gray.normal\" | \"surface.border.gray.muted\" | \"surface.border.primary.normal\" | \"surface.border.primary.muted\" | {\n             ~~~~~~~~~~~\n    The expected type comes from property 'borderColor' which is declared here on type 'IntrinsicAttributes & Partial<PaddingProps & MarginProps & { width: SpacingValueType | { readonly base?: SpacingValueType; ... 4 more ...; readonly xl?: SpacingValueType; }; ... 11 more ...; __brand__?: \"platform-web\" | { ...; }; } & ... 10 more ... & DataAnalyticsAttribute> & RefAttributes<...>'"
    ]
  },
  {
    "file": "/Users/kamlesh.c/razorpay/blade/packages/blade-mcp/knowledgebase/Code.md",
    "errors": [
      "index.tsx:23:37 - error TS2820: Type '\"feedback.text.success.intense\"' is not assignable to type 'TextColors | \"currentColor\"'. Did you mean '\"feedback.text.notice.intense\"'?\n\n23         <Code isHighlighted={false} color=\"feedback.text.success.intense\" weight=\"bold\">\n                                       ~~~~~\n\n  packages/blade/build/types/components/index.d.ts:11131:5\n    11131     color?: BaseTextProps['color'];\n              ~~~~~\n    The expected type comes from property 'color' which is declared here on type 'IntrinsicAttributes & (CodeProps & RefAttributes<BladeElementRef>)'"
    ]
  },
  {
    "file": "/Users/kamlesh.c/razorpay/blade/packages/blade-mcp/knowledgebase/Chip.md",
    "errors": [
      "index.tsx:9:3 - error TS2305: Module '\"@razorpay/blade/components\"' has no exported member 'VerifiedIcon'.\n\n9   VerifiedIcon,\n    ~~~~~~~~~~~~",
      "index.tsx:10:3 - error TS2305: Module '\"@razorpay/blade/components\"' has no exported member 'ShippingIcon'.\n\n10   ShippingIcon,\n     ~~~~~~~~~~~~",
      "index.tsx:12:3 - error TS2724: '\"@razorpay/blade/components\"' has no exported member named 'DiscountIcon'. Did you mean 'DiscIcon'?\n\n12   DiscountIcon,\n     ~~~~~~~~~~~~",
      "index.tsx:17:3 - error TS2305: Module '\"@razorpay/blade/components\"' has no exported member 'GiftIcon'.\n\n17   GiftIcon,\n     ~~~~~~~~",
      "index.tsx:30:7 - error TS2322: Type '\"border.normal\"' is not assignable to type '\"surface.border.gray.subtle\" | \"surface.border.gray.normal\" | \"surface.border.gray.muted\" | \"surface.border.primary.normal\" | \"surface.border.primary.muted\" | { readonly base?: \"surface.border.gray.subtle\" | ... 3 more ... | \"surface.border.primary.muted\"; ... 4 more ...; readonly xl?: \"surface.border.gray.subtle\" |...'.\n\n30       borderColor=\"border.normal\"\n         ~~~~~~~~~~~\n\n  packages/blade/build/types/components/index.d.ts:1915:5\n    1915     borderColor: \"surface.border.gray.subtle\" | \"surface.border.gray.normal\" | \"surface.border.gray.muted\" | \"surface.border.primary.normal\" | \"surface.border.primary.muted\" | {\n             ~~~~~~~~~~~\n    The expected type comes from property 'borderColor' which is declared here on type 'IntrinsicAttributes & Partial<PaddingProps & MarginProps & { width: SpacingValueType | { readonly base?: SpacingValueType; ... 4 more ...; readonly xl?: SpacingValueType; }; ... 11 more ...; __brand__?: \"platform-web\" | { ...; }; } & ... 10 more ... & DataAnalyticsAttribute> & RefAttributes<...>'",
      "index.tsx:31:7 - error TS2322: Type '\"radius.3\"' is not assignable to type '\"small\" | \"none\" | \"xsmall\" | \"medium\" | \"large\" | \"xlarge\" | \"2xlarge\" | \"max\" | \"round\" | { readonly base?: \"small\" | \"none\" | \"xsmall\" | \"medium\" | \"large\" | \"xlarge\" | \"2xlarge\" | \"max\" | \"round\"; ... 4 more ...; readonly xl?: \"small\" | ... 7 more ... | \"round\"; }'.\n\n31       borderRadius=\"radius.3\"\n         ~~~~~~~~~~~~\n\n  packages/blade/build/types/components/index.d.ts:1923:5\n    1923     borderRadius: \"none\" | \"xsmall\" | \"small\" | \"medium\" | \"large\" | \"xlarge\" | \"2xlarge\" | \"max\" | \"round\" | {\n             ~~~~~~~~~~~~\n    The expected type comes from property 'borderRadius' which is declared here on type 'IntrinsicAttributes & Partial<PaddingProps & MarginProps & { width: SpacingValueType | { readonly base?: SpacingValueType; ... 4 more ...; readonly xl?: SpacingValueType; }; ... 11 more ...; __brand__?: \"platform-web\" | { ...; }; } & ... 10 more ... & DataAnalyticsAttribute> & RefAttributes<...>'",
      "index.tsx:34:13 - error TS2820: Type '\"xlarge\"' is not assignable to type '\"small\" | \"xsmall\" | \"medium\" | \"large\"'. Did you mean '\"large\"'?\n\n34       <Text size=\"xlarge\" weight=\"semibold\">\n               ~~~~\n\n  packages/blade/build/types/components/index.d.ts:11100:5\n    11100     size?: Extract<BaseTextSizes, 'xsmall' | 'small' | 'medium' | 'large'>;\n              ~~~~\n    The expected type comes from property 'size' which is declared here on type 'IntrinsicAttributes & ((TextBodyVariant | TextCaptionVariant) & RefAttributes<BladeElementRef>)'"
    ]
  },
  {
    "file": "/Users/kamlesh.c/razorpay/blade/packages/blade-mcp/knowledgebase/Chip.md",
    "errors": [
      "index.tsx:9:3 - error TS2724: '\"@razorpay/blade/components\"' has no exported member named 'StoreIcon'. Did you mean 'AppStoreIcon'?\n\n9   StoreIcon,\n    ~~~~~~~~~",
      "index.tsx:48:7 - error TS2322: Type '\"form\"' is not assignable to type '\"aside\" | \"div\" | \"footer\" | \"header\" | \"label\" | \"main\" | \"nav\" | \"section\" | \"span\"'.\n\n48       as=\"form\"\n         ~~\n\n  packages/blade/build/types/components/index.d.ts:1958:5\n    1958     as: \"aside\" | \"div\" | \"footer\" | \"header\" | \"label\" | \"main\" | \"nav\" | \"section\" | \"span\";\n             ~~\n    The expected type comes from property 'as' which is declared here on type 'IntrinsicAttributes & Partial<PaddingProps & MarginProps & { width: SpacingValueType | { readonly base?: SpacingValueType; ... 4 more ...; readonly xl?: SpacingValueType; }; ... 11 more ...; __brand__?: \"platform-web\" | { ...; }; } & ... 10 more ... & DataAnalyticsAttribute> & RefAttributes<...>'"
    ]
  },
  {
    "file": "/Users/kamlesh.c/razorpay/blade/packages/blade-mcp/knowledgebase/Chip.md",
    "errors": [
      "index.tsx:13:15 - error TS2305: Module '\"@razorpay/blade/components\"' has no exported member 'BladeElementRef'.\n\n13 import type { BladeElementRef } from '@razorpay/blade/components';\n                 ~~~~~~~~~~~~~~~",
      "index.tsx:50:7 - error TS2322: Type '\"border.normal\"' is not assignable to type '\"surface.border.gray.subtle\" | \"surface.border.gray.normal\" | \"surface.border.gray.muted\" | \"surface.border.primary.normal\" | \"surface.border.primary.muted\" | { readonly base?: \"surface.border.gray.subtle\" | ... 3 more ... | \"surface.border.primary.muted\"; ... 4 more ...; readonly xl?: \"surface.border.gray.subtle\" |...'.\n\n50       borderColor=\"border.normal\"\n         ~~~~~~~~~~~\n\n  packages/blade/build/types/components/index.d.ts:1915:5\n    1915     borderColor: \"surface.border.gray.subtle\" | \"surface.border.gray.normal\" | \"surface.border.gray.muted\" | \"surface.border.primary.normal\" | \"surface.border.primary.muted\" | {\n             ~~~~~~~~~~~\n    The expected type comes from property 'borderColor' which is declared here on type 'IntrinsicAttributes & Partial<PaddingProps & MarginProps & { width: SpacingValueType | { readonly base?: SpacingValueType; ... 4 more ...; readonly xl?: SpacingValueType; }; ... 11 more ...; __brand__?: \"platform-web\" | { ...; }; } & ... 10 more ... & DataAnalyticsAttribute> & RefAttributes<...>'",
      "index.tsx:51:7 - error TS2322: Type '\"radius.3\"' is not assignable to type '\"small\" | \"none\" | \"xsmall\" | \"medium\" | \"large\" | \"xlarge\" | \"2xlarge\" | \"max\" | \"round\" | { readonly base?: \"small\" | \"none\" | \"xsmall\" | \"medium\" | \"large\" | \"xlarge\" | \"2xlarge\" | \"max\" | \"round\"; ... 4 more ...; readonly xl?: \"small\" | ... 7 more ... | \"round\"; }'.\n\n51       borderRadius=\"radius.3\"\n         ~~~~~~~~~~~~\n\n  packages/blade/build/types/components/index.d.ts:1923:5\n    1923     borderRadius: \"none\" | \"xsmall\" | \"small\" | \"medium\" | \"large\" | \"xlarge\" | \"2xlarge\" | \"max\" | \"round\" | {\n             ~~~~~~~~~~~~\n    The expected type comes from property 'borderRadius' which is declared here on type 'IntrinsicAttributes & Partial<PaddingProps & MarginProps & { width: SpacingValueType | { readonly base?: SpacingValueType; ... 4 more ...; readonly xl?: SpacingValueType; }; ... 11 more ...; __brand__?: \"platform-web\" | { ...; }; } & ... 10 more ... & DataAnalyticsAttribute> & RefAttributes<...>'",
      "index.tsx:56:50 - error TS2322: Type '{ children: string; variant: \"secondary\"; size: \"small\"; leftIcon: IconComponent; onClick: () => void; }' is not assignable to type 'IntrinsicAttributes & (ButtonProps & RefAttributes<BladeElementRef>)'.\n  Property 'leftIcon' does not exist on type 'IntrinsicAttributes & (ButtonProps & RefAttributes<BladeElementRef>)'.\n\n56         <Button variant=\"secondary\" size=\"small\" leftIcon={CloseIcon} onClick={clearAllFilters}>\n                                                    ~~~~~~~~",
      "index.tsx:68:9 - error TS2322: Type '{ children: Element; label: string; accessibilityLabel: string; value: string[]; onChange: ({ values }: { name: string; values: string[]; }) => void; selectionType: \"multiple\"; icon: IconComponent; helpText: string; size: \"small\"; }' is not assignable to type 'IntrinsicAttributes & (ChipGroupProps & RefAttributes<BladeElementRef>)'.\n  Property 'icon' does not exist on type 'IntrinsicAttributes & ChipGroupPropsWithLabel & { labelPosition?: \"left\" | \"top\"; helpText?: string; errorText?: string; validationState?: \"none\" | \"error\"; ... 10 more ...; color?: \"primary\" | ... 1 more ... | \"negative\"; } & TestID & Partial<...> & RefAttributes<...>'.\n\n68         icon={TagIcon}\n           ~~~~"
    ]
  },
  {
    "file": "/Users/kamlesh.c/razorpay/blade/packages/blade-mcp/knowledgebase/Checkbox.md",
    "errors": [
      "index.tsx:66:7 - error TS2322: Type '\"form\"' is not assignable to type '\"aside\" | \"div\" | \"footer\" | \"header\" | \"label\" | \"main\" | \"nav\" | \"section\" | \"span\"'.\n\n66       as=\"form\"\n         ~~\n\n  packages/blade/build/types/components/index.d.ts:1958:5\n    1958     as: \"aside\" | \"div\" | \"footer\" | \"header\" | \"label\" | \"main\" | \"nav\" | \"section\" | \"span\";\n             ~~\n    The expected type comes from property 'as' which is declared here on type 'IntrinsicAttributes & Partial<PaddingProps & MarginProps & { width: SpacingValueType | { readonly base?: SpacingValueType; ... 4 more ...; readonly xl?: SpacingValueType; }; ... 11 more ...; __brand__?: \"platform-web\" | { ...; }; } & ... 10 more ... & DataAnalyticsAttribute> & RefAttributes<...>'",
      "index.tsx:75:7 - error TS2322: Type '\"border.normal\"' is not assignable to type '\"surface.border.gray.subtle\" | \"surface.border.gray.normal\" | \"surface.border.gray.muted\" | \"surface.border.primary.normal\" | \"surface.border.primary.muted\" | { readonly base?: \"surface.border.gray.subtle\" | ... 3 more ... | \"surface.border.primary.muted\"; ... 4 more ...; readonly xl?: \"surface.border.gray.subtle\" |...'.\n\n75       borderColor=\"border.normal\"\n         ~~~~~~~~~~~\n\n  packages/blade/build/types/components/index.d.ts:1915:5\n    1915     borderColor: \"surface.border.gray.subtle\" | \"surface.border.gray.normal\" | \"surface.border.gray.muted\" | \"surface.border.primary.normal\" | \"surface.border.primary.muted\" | {\n             ~~~~~~~~~~~\n    The expected type comes from property 'borderColor' which is declared here on type 'IntrinsicAttributes & Partial<PaddingProps & MarginProps & { width: SpacingValueType | { readonly base?: SpacingValueType; ... 4 more ...; readonly xl?: SpacingValueType; }; ... 11 more ...; __brand__?: \"platform-web\" | { ...; }; } & ... 10 more ... & DataAnalyticsAttribute> & RefAttributes<...>'",
      "index.tsx:76:7 - error TS2322: Type '\"radius.2\"' is not assignable to type '\"small\" | \"none\" | \"xsmall\" | \"medium\" | \"large\" | \"xlarge\" | \"2xlarge\" | \"max\" | \"round\" | { readonly base?: \"small\" | \"none\" | \"xsmall\" | \"medium\" | \"large\" | \"xlarge\" | \"2xlarge\" | \"max\" | \"round\"; ... 4 more ...; readonly xl?: \"small\" | ... 7 more ... | \"round\"; }'.\n\n76       borderRadius=\"radius.2\"\n         ~~~~~~~~~~~~\n\n  packages/blade/build/types/components/index.d.ts:1923:5\n    1923     borderRadius: \"none\" | \"xsmall\" | \"small\" | \"medium\" | \"large\" | \"xlarge\" | \"2xlarge\" | \"max\" | \"round\" | {\n             ~~~~~~~~~~~~\n    The expected type comes from property 'borderRadius' which is declared here on type 'IntrinsicAttributes & Partial<PaddingProps & MarginProps & { width: SpacingValueType | { readonly base?: SpacingValueType; ... 4 more ...; readonly xl?: SpacingValueType; }; ... 11 more ...; __brand__?: \"platform-web\" | { ...; }; } & ... 10 more ... & DataAnalyticsAttribute> & RefAttributes<...>'"
    ]
  },
  {
    "file": "/Users/kamlesh.c/razorpay/blade/packages/blade-mcp/knowledgebase/Checkbox.md",
    "errors": [
      "index.tsx:37:7 - error TS2322: Type '\"form\"' is not assignable to type '\"aside\" | \"div\" | \"footer\" | \"header\" | \"label\" | \"main\" | \"nav\" | \"section\" | \"span\"'.\n\n37       as=\"form\"\n         ~~\n\n  packages/blade/build/types/components/index.d.ts:1958:5\n    1958     as: \"aside\" | \"div\" | \"footer\" | \"header\" | \"label\" | \"main\" | \"nav\" | \"section\" | \"span\";\n             ~~\n    The expected type comes from property 'as' which is declared here on type 'IntrinsicAttributes & Partial<PaddingProps & MarginProps & { width: SpacingValueType | { readonly base?: SpacingValueType; ... 4 more ...; readonly xl?: SpacingValueType; }; ... 11 more ...; __brand__?: \"platform-web\" | { ...; }; } & ... 10 more ... & DataAnalyticsAttribute> & RefAttributes<...>'",
      "index.tsx:118:28 - error TS2322: Type '\"text.subdued\"' is not assignable to type 'TextColors | \"currentColor\"'.\n\n118         <Text size=\"small\" color=\"text.subdued\">\n                               ~~~~~\n\n  packages/blade/build/types/components/index.d.ts:11092:5\n    11092     color?: BaseTextProps['color'];\n              ~~~~~\n    The expected type comes from property 'color' which is declared here on type 'IntrinsicAttributes & ((TextBodyVariant | TextCaptionVariant) & RefAttributes<BladeElementRef>)'"
    ]
  },
  {
    "file": "/Users/kamlesh.c/razorpay/blade/packages/blade-mcp/knowledgebase/ChatMessage.md",
    "errors": [
      "index.tsx:90:7 - error TS2820: Type '\"0 auto\"' is not assignable to type 'SpacingValueType | ArrayOfMaxLength4<SpacingValueType> | { readonly base?: SpacingValueType | ArrayOfMaxLength4<SpacingValueType>; ... 4 more ...; readonly xl?: SpacingValueType | ArrayOfMaxLength4<...>; }'. Did you mean '\"auto\"'?\n\n90       margin=\"0 auto\"\n         ~~~~~~\n\n  packages/blade/build/types/components/index.d.ts:1005:5\n    1005     margin: SpacingValueType | ArrayOfMaxLength4<SpacingValueType>;\n             ~~~~~~\n    The expected type comes from property 'margin' which is declared here on type 'IntrinsicAttributes & Partial<PaddingProps & MarginProps & { width: SpacingValueType | { readonly base?: SpacingValueType; ... 4 more ...; readonly xl?: SpacingValueType; }; ... 11 more ...; __brand__?: \"platform-web\" | { ...; }; } & ... 10 more ... & DataAnalyticsAttribute> & RefAttributes<...>'",
      "index.tsx:96:9 - error TS2322: Type '\"text.subtle\"' is not assignable to type 'TextColors | \"currentColor\"'.\n\n96         color=\"text.subtle\"\n           ~~~~~\n\n  packages/blade/build/types/components/index.d.ts:11092:5\n    11092     color?: BaseTextProps['color'];\n              ~~~~~\n    The expected type comes from property 'color' which is declared here on type 'IntrinsicAttributes & ((TextBodyVariant | TextCaptionVariant) & RefAttributes<BladeElementRef>)'",
      "index.tsx:127:17 - error TS2322: Type 'string' is not assignable to type '\"other\" | \"self\"'.\n\n127                 senderType={message.senderType}\n                    ~~~~~~~~~~\n\n  packages/blade/build/types/components/index.d.ts:13420:5\n    13420     senderType?: 'self' | 'other';\n              ~~~~~~~~~~\n    The expected type comes from property 'senderType' which is declared here on type 'IntrinsicAttributes & (ChatMessageProps & RefAttributes<BladeElementRef>)'",
      "index.tsx:143:27 - error TS2322: Type '{ value: string; icon: IconComponent; onClick: () => void; }' is not assignable to type 'IntrinsicAttributes & (ChipProps & RefAttributes<BladeElementRef>)'.\n  Property 'onClick' does not exist on type 'IntrinsicAttributes & { icon?: IconComponent; color?: \"negative\" | \"positive\" | \"primary\"; isDisabled?: boolean; value?: string; width?: SpacingValueType | { ...; }; maxWidth?: SpacingValueType | { ...; }; minWidth?: SpacingValueType | { ...; }; } & ... 4 more ... & RefAttributes<...>'.\n\n143                           onClick={() => handleFeedback('helpful')}\n                              ~~~~~~~",
      "index.tsx:148:27 - error TS2322: Type '{ value: string; icon: IconComponent; onClick: () => void; }' is not assignable to type 'IntrinsicAttributes & (ChipProps & RefAttributes<BladeElementRef>)'.\n  Property 'onClick' does not exist on type 'IntrinsicAttributes & { icon?: IconComponent; color?: \"negative\" | \"positive\" | \"primary\"; isDisabled?: boolean; value?: string; width?: SpacingValueType | { ...; }; maxWidth?: SpacingValueType | { ...; }; minWidth?: SpacingValueType | { ...; }; } & ... 4 more ... & RefAttributes<...>'.\n\n148                           onClick={() => handleFeedback('not-helpful')}\n                              ~~~~~~~",
      "index.tsx:162:19 - error TS2322: Type '\"text.subtle\"' is not assignable to type 'TextColors | \"currentColor\"'.\n\n162                   color=\"text.subtle\"\n                      ~~~~~\n\n  packages/blade/build/types/components/index.d.ts:11092:5\n    11092     color?: BaseTextProps['color'];\n              ~~~~~\n    The expected type comes from property 'color' which is declared here on type 'IntrinsicAttributes & ((TextBodyVariant | TextCaptionVariant) & RefAttributes<BladeElementRef>)'",
      "index.tsx:187:17 - error TS2322: Type '\"text.subtle\"' is not assignable to type 'TextColors | \"currentColor\"'.\n\n187                 color=\"text.subtle\"\n                    ~~~~~\n\n  packages/blade/build/types/components/index.d.ts:11092:5\n    11092     color?: BaseTextProps['color'];\n              ~~~~~\n    The expected type comes from property 'color' which is declared here on type 'IntrinsicAttributes & ((TextBodyVariant | TextCaptionVariant) & RefAttributes<BladeElementRef>)'",
      "index.tsx:224:58 - error TS2345: Argument of type '{ name: string; value: string; event: ChangeEvent<HTMLInputElement>; }' is not assignable to parameter of type 'SetStateAction<string>'.\n\n224                   onChange={(value) => setSelectedOption(value)}\n                                                             ~~~~~"
    ]
  },
  {
    "file": "/Users/kamlesh.c/razorpay/blade/packages/blade-mcp/knowledgebase/Carousel.md",
    "errors": [
      "index.tsx:54:9 - error TS2322: Type '{ children: Element[]; accessibilityLabel: string; carouselItemWidth: { base: \"90%\"; m: \"45%\"; l: \"30%\"; }; visibleItems: \"autofit\"; navigationButtonPosition: \"bottom\"; indicatorVariant: \"gray\"; showIndicators: true; testID: string; }' is not assignable to type 'IntrinsicAttributes & { defaultActiveSlide?: number; activeSlide?: number; children: ReactNode; visibleItems?: 1 | 2 | 3 | \"autofit\"; shouldAddStartEndSpacing?: boolean; ... 11 more ...; showNavigationButtons?: boolean; } & Partial<...> & RefAttributes<...>'.\n  Property 'testID' does not exist on type 'IntrinsicAttributes & { defaultActiveSlide?: number; activeSlide?: number; children: ReactNode; visibleItems?: 1 | 2 | 3 | \"autofit\"; shouldAddStartEndSpacing?: boolean; ... 11 more ...; showNavigationButtons?: boolean; } & Partial<...> & RefAttributes<...>'.\n\n54         testID=\"testimonial-carousel\"\n           ~~~~~~"
    ]
  },
  {
    "file": "/Users/kamlesh.c/razorpay/blade/packages/blade-mcp/knowledgebase/Carousel.md",
    "errors": [
      "index.tsx:60:15 - error TS2322: Type '\"raised\"' is not assignable to type 'ElevationLevels'.\n\n60               elevation=\"raised\"\n                 ~~~~~~~~~\n\n  packages/blade/build/types/components/index.d.ts:9222:5\n    9222     elevation?: ElevationLevels | undefined;\n             ~~~~~~~~~\n    The expected type comes from property 'elevation' which is declared here on type 'IntrinsicAttributes & { children: ReactNode; backgroundColor?: \"surface.background.gray.subtle\" | \"surface.background.gray.moderate\" | \"surface.background.gray.intense\"; ... 15 more ...; as?: \"label\"; } & TestID & Partial<...> & RefAttributes<...>'",
      "index.tsx:61:15 - error TS2322: Type '\"surface.background.white.normal\"' is not assignable to type '\"surface.background.gray.subtle\" | \"surface.background.gray.moderate\" | \"surface.background.gray.intense\"'.\n\n61               backgroundColor=\"surface.background.white.normal\"\n                 ~~~~~~~~~~~~~~~\n\n  packages/blade/build/types/components/index.d.ts:9205:5\n    9205     backgroundColor?: \"surface.background.gray.subtle\" | \"surface.background.gray.moderate\" | \"surface.background.gray.intense\" | undefined;\n             ~~~~~~~~~~~~~~~\n    The expected type comes from property 'backgroundColor' which is declared here on type 'IntrinsicAttributes & { children: ReactNode; backgroundColor?: \"surface.background.gray.subtle\" | \"surface.background.gray.moderate\" | \"surface.background.gray.intense\"; ... 15 more ...; as?: \"label\"; } & TestID & Partial<...> & RefAttributes<...>'"
    ]
  },
  {
    "file": "/Users/kamlesh.c/razorpay/blade/packages/blade-mcp/knowledgebase/Carousel.md",
    "errors": [
      "index.tsx:47:10 - error TS2820: Type '\"surface.background.gray.normal\"' is not assignable to type '\"transparent\" | \"surface.background.gray.subtle\" | \"surface.background.gray.moderate\" | \"surface.background.gray.intense\" | \"surface.background.primary.subtle\" | \"surface.background.primary.intense\" | ... 6 more ... | { ...; }'. Did you mean '\"surface.background.gray.moderate\"'?\n\n47     <Box backgroundColor=\"surface.background.gray.normal\" padding=\"spacing.5\" borderRadius=\"medium\">\n            ~~~~~~~~~~~~~~~\n\n  packages/blade/build/types/components/index.d.ts:1956:5\n    1956     backgroundColor: \"transparent\" | \"surface.background.gray.subtle\" | \"surface.background.gray.moderate\" | \"surface.background.gray.intense\" | \"surface.background.primary.subtle\" | \"surface.background.primary.intense\" | \"surface.background.sea.subtle\" | \"surface.background.sea.intense\" | \"surface.background.cloud.subtle\" | \"surface.background.cloud.intense\" | \"overlay.background.subtle\" | \"overlay.background.moderate\";\n             ~~~~~~~~~~~~~~~\n    The expected type comes from property 'backgroundColor' which is declared here on type 'IntrinsicAttributes & Partial<PaddingProps & MarginProps & { width: SpacingValueType | { readonly base?: SpacingValueType; ... 4 more ...; readonly xl?: SpacingValueType; }; ... 11 more ...; __brand__?: \"platform-web\" | { ...; }; } & ... 10 more ... & DataAnalyticsAttribute> & RefAttributes<...>'",
      "index.tsx:87:53 - error TS2322: Type '\"raised\"' is not assignable to type 'ElevationLevels'.\n\n87             <Card height=\"100%\" padding=\"spacing.5\" elevation=\"raised\">\n                                                       ~~~~~~~~~\n\n  packages/blade/build/types/components/index.d.ts:9222:5\n    9222     elevation?: ElevationLevels | undefined;\n             ~~~~~~~~~\n    The expected type comes from property 'elevation' which is declared here on type 'IntrinsicAttributes & { children: ReactNode; backgroundColor?: \"surface.background.gray.subtle\" | \"surface.background.gray.moderate\" | \"surface.background.gray.intense\"; ... 15 more ...; as?: \"label\"; } & TestID & Partial<...> & RefAttributes<...>'",
      "index.tsx:101:36 - error TS2322: Type '\"text.subtle\"' is not assignable to type 'TextColors | \"currentColor\"'.\n\n101                 <Text size=\"small\" color=\"text.subtle\">\n                                       ~~~~~\n\n  packages/blade/build/types/components/index.d.ts:11092:5\n    11092     color?: BaseTextProps['color'];\n              ~~~~~\n    The expected type comes from property 'color' which is declared here on type 'IntrinsicAttributes & ((TextBodyVariant | TextCaptionVariant) & RefAttributes<BladeElementRef>)'"
    ]
  },
  {
    "file": "/Users/kamlesh.c/razorpay/blade/packages/blade-mcp/knowledgebase/Carousel.md",
    "errors": [
      "index.tsx:13:3 - error TS2305: Module '\"@razorpay/blade/components\"' has no exported member 'NetbankingIcon'.\n\n13   NetbankingIcon,\n     ~~~~~~~~~~~~~~",
      "index.tsx:14:3 - error TS2724: '\"@razorpay/blade/components\"' has no exported member named 'EmiIcon'. Did you mean 'MicIcon'?\n\n14   EmiIcon,\n     ~~~~~~~",
      "index.tsx:15:3 - error TS2305: Module '\"@razorpay/blade/components\"' has no exported member 'PayLaterIcon'.\n\n15   PayLaterIcon,\n     ~~~~~~~~~~~~",
      "index.tsx:42:9 - error TS2322: Type '{ base: number; s: number; m: number; l: number; }' is not assignable to type '2 | 1 | 3 | \"autofit\"'.\n\n42         visibleItems={{ base: 1, s: 2, m: 3, l: 4 }}\n           ~~~~~~~~~~~~\n\n  packages/blade/build/types/components/index.d.ts:11865:5\n    11865     visibleItems?: 1 | 2 | 3 | \"autofit\" | undefined;\n              ~~~~~~~~~~~~\n    The expected type comes from property 'visibleItems' which is declared here on type 'IntrinsicAttributes & { defaultActiveSlide?: number; activeSlide?: number; children: ReactNode; visibleItems?: 2 | 1 | 3 | \"autofit\"; shouldAddStartEndSpacing?: boolean; ... 11 more ...; showNavigationButtons?: boolean; } & Partial<...> & RefAttributes<...>'",
      "index.tsx:44:9 - error TS2322: Type '\"outlined\"' is not assignable to type '\"filled\" | \"stroked\"'.\n\n44         navigationButtonVariant=\"outlined\"\n           ~~~~~~~~~~~~~~~~~~~~~~~\n\n  packages/blade/build/types/components/index.d.ts:11871:5\n    11871     navigationButtonVariant?: \"filled\" | \"stroked\" | undefined;\n              ~~~~~~~~~~~~~~~~~~~~~~~\n    The expected type comes from property 'navigationButtonVariant' which is declared here on type 'IntrinsicAttributes & { defaultActiveSlide?: number; activeSlide?: number; children: ReactNode; visibleItems?: 2 | 1 | 3 | \"autofit\"; shouldAddStartEndSpacing?: boolean; ... 11 more ...; showNavigationButtons?: boolean; } & Partial<...> & RefAttributes<...>'",
      "index.tsx:60:17 - error TS2322: Type '\"surface.background.primary.subtle\" | \"surface.background.white.normal\"' is not assignable to type '\"surface.background.gray.subtle\" | \"surface.background.gray.moderate\" | \"surface.background.gray.intense\"'.\n  Type '\"surface.background.primary.subtle\"' is not assignable to type '\"surface.background.gray.subtle\" | \"surface.background.gray.moderate\" | \"surface.background.gray.intense\"'. Did you mean '\"surface.background.gray.subtle\"'?\n\n60                 backgroundColor={\n                   ~~~~~~~~~~~~~~~\n\n  packages/blade/build/types/components/index.d.ts:9205:5\n    9205     backgroundColor?: \"surface.background.gray.subtle\" | \"surface.background.gray.moderate\" | \"surface.background.gray.intense\" | undefined;\n             ~~~~~~~~~~~~~~~\n    The expected type comes from property 'backgroundColor' which is declared here on type 'IntrinsicAttributes & { children: ReactNode; backgroundColor?: \"surface.background.gray.subtle\" | \"surface.background.gray.moderate\" | \"surface.background.gray.intense\"; ... 15 more ...; as?: \"label\"; } & TestID & Partial<...> & RefAttributes<...>'",
      "index.tsx:85:23 - error TS2322: Type '\"normal\" | \"semibold\"' is not assignable to type '\"medium\" | \"semibold\" | \"regular\"'.\n  Type '\"normal\"' is not assignable to type '\"medium\" | \"semibold\" | \"regular\"'.\n\n85                       weight={isSelected ? 'semibold' : 'normal'}\n                         ~~~~~~\n\n  packages/blade/build/types/components/index.d.ts:11086:5\n    11086     weight?: Extract<BaseTextProps['fontWeight'], 'regular' | 'medium' | 'semibold'>;\n              ~~~~~~\n    The expected type comes from property 'weight' which is declared here on type 'IntrinsicAttributes & ((TextBodyVariant | TextCaptionVariant) & RefAttributes<BladeElementRef>)'"
    ]
  },
  {
    "file": "/Users/kamlesh.c/razorpay/blade/packages/blade-mcp/knowledgebase/Carousel.md",
    "errors": [
      "index.tsx:28:15 - error TS2322: Type '\"surface.background.primary.subtle\" | \"surface.background.gray.normal\"' is not assignable to type '\"surface.background.gray.subtle\" | \"surface.background.gray.moderate\" | \"surface.background.gray.intense\"'.\n  Type '\"surface.background.primary.subtle\"' is not assignable to type '\"surface.background.gray.subtle\" | \"surface.background.gray.moderate\" | \"surface.background.gray.intense\"'. Did you mean '\"surface.background.gray.subtle\"'?\n\n28               backgroundColor={\n                 ~~~~~~~~~~~~~~~\n\n  packages/blade/build/types/components/index.d.ts:9205:5\n    9205     backgroundColor?: \"surface.background.gray.subtle\" | \"surface.background.gray.moderate\" | \"surface.background.gray.intense\" | undefined;\n             ~~~~~~~~~~~~~~~\n    The expected type comes from property 'backgroundColor' which is declared here on type 'IntrinsicAttributes & { children: ReactNode; backgroundColor?: \"surface.background.gray.subtle\" | \"surface.background.gray.moderate\" | \"surface.background.gray.intense\"; ... 15 more ...; as?: \"label\"; } & TestID & Partial<...> & RefAttributes<...>'"
    ]
  },
  {
    "file": "/Users/kamlesh.c/razorpay/blade/packages/blade-mcp/knowledgebase/Card.md",
    "errors": [
      "index.tsx:12:39 - error TS2686: 'React' refers to a UMD global, but the current file is a module. Consider adding an import instead.\n\n12   const [isSelected, setIsSelected] = React.useState(false);\n                                         ~~~~~"
    ]
  },
  {
    "file": "/Users/kamlesh.c/razorpay/blade/packages/blade-mcp/knowledgebase/Breadcrumb.md",
    "errors": [
      "index.tsx:10:9 - error TS2322: Type '{ children: Element[]; size: \"medium\"; color: \"primary\"; testID: string; \"data-analytics\": string; }' is not assignable to type 'IntrinsicAttributes & Partial<Omit<MarginProps & Pick<FlexboxProps, \"alignSelf\" | \"justifySelf\" | \"placeSelf\" | \"order\"> & { ...; } & Pick<...> & Pick<...> & Pick<...>, \"__brand__\">> & { ...; } & RefAttributes<...>'.\n  Property 'testID' does not exist on type 'IntrinsicAttributes & Partial<Omit<MarginProps & Pick<FlexboxProps, \"alignSelf\" | \"justifySelf\" | \"placeSelf\" | \"order\"> & { ...; } & Pick<...> & Pick<...> & Pick<...>, \"__brand__\">> & { ...; } & RefAttributes<...>'.\n\n10         testID=\"breadcrumb-example\"\n           ~~~~~~",
      "index.tsx:17:11 - error TS2322: Type '{ icon: IconComponent; href: string; accessibilityLabel: string; testID: string; }' is not assignable to type 'IntrinsicAttributes & { href: string; onClick?: (event: SyntheticEvent<Element, Event>) => void; isCurrentPage?: boolean; children?: StringChildrenType; icon?: IconComponent; accessibilityLabel?: string; }'.\n  Property 'testID' does not exist on type 'IntrinsicAttributes & { href: string; onClick?: (event: SyntheticEvent<Element, Event>) => void; isCurrentPage?: boolean; children?: StringChildrenType; icon?: IconComponent; accessibilityLabel?: string; }'.\n\n17           testID=\"breadcrumb-home\"\n             ~~~~~~",
      "index.tsx:19:43 - error TS2322: Type '{ children: string; href: string; testID: string; }' is not assignable to type 'IntrinsicAttributes & { href: string; onClick?: (event: SyntheticEvent<Element, Event>) => void; isCurrentPage?: boolean; children?: StringChildrenType; icon?: IconComponent; accessibilityLabel?: string; }'.\n  Property 'testID' does not exist on type 'IntrinsicAttributes & { href: string; onClick?: (event: SyntheticEvent<Element, Event>) => void; isCurrentPage?: boolean; children?: StringChildrenType; icon?: IconComponent; accessibilityLabel?: string; }'.\n\n19         <BreadcrumbItem href=\"/dashboard\" testID=\"breadcrumb-dashboard\">\n                                             ~~~~~~",
      "index.tsx:22:42 - error TS2322: Type '{ children: string; href: string; testID: string; }' is not assignable to type 'IntrinsicAttributes & { href: string; onClick?: (event: SyntheticEvent<Element, Event>) => void; isCurrentPage?: boolean; children?: StringChildrenType; icon?: IconComponent; accessibilityLabel?: string; }'.\n  Property 'testID' does not exist on type 'IntrinsicAttributes & { href: string; onClick?: (event: SyntheticEvent<Element, Event>) => void; isCurrentPage?: boolean; children?: StringChildrenType; icon?: IconComponent; accessibilityLabel?: string; }'.\n\n22         <BreadcrumbItem href=\"/payments\" testID=\"breadcrumb-payments\">\n                                            ~~~~~~",
      "index.tsx:25:59 - error TS2322: Type '{ children: string; isCurrentPage: true; href: string; testID: string; }' is not assignable to type 'IntrinsicAttributes & { href: string; onClick?: (event: SyntheticEvent<Element, Event>) => void; isCurrentPage?: boolean; children?: StringChildrenType; icon?: IconComponent; accessibilityLabel?: string; }'.\n  Property 'testID' does not exist on type 'IntrinsicAttributes & { href: string; onClick?: (event: SyntheticEvent<Element, Event>) => void; isCurrentPage?: boolean; children?: StringChildrenType; icon?: IconComponent; accessibilityLabel?: string; }'.\n\n25         <BreadcrumbItem isCurrentPage href=\"/settlements\" testID=\"breadcrumb-settlements\">\n                                                             ~~~~~~"
    ]
  },
  {
    "file": "/Users/kamlesh.c/razorpay/blade/packages/blade-mcp/knowledgebase/Breadcrumb.md",
    "errors": [
      "index.tsx:7:3 - error TS2305: Module '\"@razorpay/blade/components\"' has no exported member 'PaymentIcon'.\n\n7   PaymentIcon,\n    ~~~~~~~~~~~",
      "index.tsx:8:3 - error TS2724: '\"@razorpay/blade/components\"' has no exported member named 'ProductIcon'. Did you mean 'RouteIcon'?\n\n8   ProductIcon,\n    ~~~~~~~~~~~"
    ]
  },
  {
    "file": "/Users/kamlesh.c/razorpay/blade/packages/blade-mcp/knowledgebase/Box.md",
    "errors": [
      "index.tsx:13:7 - error TS2820: Type '\"0 auto\"' is not assignable to type 'SpacingValueType | ArrayOfMaxLength4<SpacingValueType> | { readonly base?: SpacingValueType | ArrayOfMaxLength4<SpacingValueType>; ... 4 more ...; readonly xl?: SpacingValueType | ArrayOfMaxLength4<...>; }'. Did you mean '\"auto\"'?\n\n13       margin=\"0 auto\"\n         ~~~~~~\n\n  packages/blade/build/types/components/index.d.ts:1005:5\n    1005     margin: SpacingValueType | ArrayOfMaxLength4<SpacingValueType>;\n             ~~~~~~\n    The expected type comes from property 'margin' which is declared here on type 'IntrinsicAttributes & Partial<PaddingProps & MarginProps & { width: SpacingValueType | { readonly base?: SpacingValueType; ... 4 more ...; readonly xl?: SpacingValueType; }; ... 11 more ...; __brand__?: \"platform-web\" | { ...; }; } & ... 10 more ... & DataAnalyticsAttribute> & RefAttributes<...>'",
      "index.tsx:30:11 - error TS2820: Type '\"surface.background.gray.normal\"' is not assignable to type '\"surface.background.gray.subtle\" | \"transparent\" | \"surface.background.gray.moderate\" | \"surface.background.gray.intense\" | \"surface.background.primary.subtle\" | \"surface.background.primary.intense\" | ... 6 more ... | { ...; }'. Did you mean '\"surface.background.gray.moderate\"'?\n\n30           backgroundColor=\"surface.background.gray.normal\"\n             ~~~~~~~~~~~~~~~\n\n  packages/blade/build/types/components/index.d.ts:1956:5\n    1956     backgroundColor: \"transparent\" | \"surface.background.gray.subtle\" | \"surface.background.gray.moderate\" | \"surface.background.gray.intense\" | \"surface.background.primary.subtle\" | \"surface.background.primary.intense\" | \"surface.background.sea.subtle\" | \"surface.background.sea.intense\" | \"surface.background.cloud.subtle\" | \"surface.background.cloud.intense\" | \"overlay.background.subtle\" | \"overlay.background.moderate\";\n             ~~~~~~~~~~~~~~~\n    The expected type comes from property 'backgroundColor' which is declared here on type 'IntrinsicAttributes & Partial<PaddingProps & MarginProps & { width: SpacingValueType | { readonly base?: SpacingValueType; ... 4 more ...; readonly xl?: SpacingValueType; }; ... 11 more ...; __brand__?: \"platform-web\" | { ...; }; } & ... 10 more ... & DataAnalyticsAttribute> & RefAttributes<...>'",
      "index.tsx:47:15 - error TS2322: Type '\"circle\"' is not assignable to type '\"small\" | \"none\" | \"large\" | \"xsmall\" | \"medium\" | \"xlarge\" | \"2xlarge\" | \"max\" | \"round\" | { readonly base?: \"small\" | \"none\" | \"large\" | \"xsmall\" | \"medium\" | \"xlarge\" | \"2xlarge\" | \"max\" | \"round\"; ... 4 more ...; readonly xl?: \"small\" | ... 7 more ... | \"round\"; }'.\n\n47               borderRadius=\"circle\"\n                 ~~~~~~~~~~~~\n\n  packages/blade/build/types/components/index.d.ts:1923:5\n    1923     borderRadius: \"none\" | \"xsmall\" | \"small\" | \"medium\" | \"large\" | \"xlarge\" | \"2xlarge\" | \"max\" | \"round\" | {\n             ~~~~~~~~~~~~\n    The expected type comes from property 'borderRadius' which is declared here on type 'IntrinsicAttributes & Partial<PaddingProps & MarginProps & { width: SpacingValueType | { readonly base?: SpacingValueType; ... 4 more ...; readonly xl?: SpacingValueType; }; ... 11 more ...; __brand__?: \"platform-web\" | { ...; }; } & ... 10 more ... & DataAnalyticsAttribute> & RefAttributes<...>'",
      "index.tsx:96:13 - error TS2322: Type '\"spacing.1 spacing.2\"' is not assignable to type 'SpacingValueType | ArrayOfMaxLength4<SpacingValueType> | { readonly base?: SpacingValueType | ArrayOfMaxLength4<SpacingValueType>; ... 4 more ...; readonly xl?: SpacingValueType | ArrayOfMaxLength4<...>; }'.\n\n96             padding=\"spacing.1 spacing.2\"\n               ~~~~~~~\n\n  packages/blade/build/types/components/index.d.ts:796:5\n    796     padding: SpacingValueType | ArrayOfMaxLength4<SpacingValueType>;\n            ~~~~~~~\n    The expected type comes from property 'padding' which is declared here on type 'IntrinsicAttributes & Partial<PaddingProps & MarginProps & { width: SpacingValueType | { readonly base?: SpacingValueType; ... 4 more ...; readonly xl?: SpacingValueType; }; ... 11 more ...; __brand__?: \"platform-web\" | { ...; }; } & ... 10 more ... & DataAnalyticsAttribute> & RefAttributes<...>'",
      "index.tsx:115:15 - error TS2322: Type '\"circle\"' is not assignable to type '\"small\" | \"none\" | \"large\" | \"xsmall\" | \"medium\" | \"xlarge\" | \"2xlarge\" | \"max\" | \"round\" | { readonly base?: \"small\" | \"none\" | \"large\" | \"xsmall\" | \"medium\" | \"xlarge\" | \"2xlarge\" | \"max\" | \"round\"; ... 4 more ...; readonly xl?: \"small\" | ... 7 more ... | \"round\"; }'.\n\n115               borderRadius=\"circle\"\n                  ~~~~~~~~~~~~\n\n  packages/blade/build/types/components/index.d.ts:1923:5\n    1923     borderRadius: \"none\" | \"xsmall\" | \"small\" | \"medium\" | \"large\" | \"xlarge\" | \"2xlarge\" | \"max\" | \"round\" | {\n             ~~~~~~~~~~~~\n    The expected type comes from property 'borderRadius' which is declared here on type 'IntrinsicAttributes & Partial<PaddingProps & MarginProps & { width: SpacingValueType | { readonly base?: SpacingValueType; ... 4 more ...; readonly xl?: SpacingValueType; }; ... 11 more ...; __brand__?: \"platform-web\" | { ...; }; } & ... 10 more ... & DataAnalyticsAttribute> & RefAttributes<...>'"
    ]
  },
  {
    "file": "/Users/kamlesh.c/razorpay/blade/packages/blade-mcp/knowledgebase/Box.md",
    "errors": [
      "index.tsx:23:9 - error TS2322: Type '\"circle\"' is not assignable to type '\"small\" | \"none\" | \"large\" | \"xsmall\" | \"medium\" | \"xlarge\" | \"2xlarge\" | \"max\" | \"round\" | { readonly base?: \"small\" | \"none\" | \"large\" | \"xsmall\" | \"medium\" | \"xlarge\" | \"2xlarge\" | \"max\" | \"round\"; ... 4 more ...; readonly xl?: \"small\" | ... 7 more ... | \"round\"; }'.\n\n23         borderRadius=\"circle\"\n           ~~~~~~~~~~~~\n\n  packages/blade/build/types/components/index.d.ts:1923:5\n    1923     borderRadius: \"none\" | \"xsmall\" | \"small\" | \"medium\" | \"large\" | \"xlarge\" | \"2xlarge\" | \"max\" | \"round\" | {\n             ~~~~~~~~~~~~\n    The expected type comes from property 'borderRadius' which is declared here on type 'IntrinsicAttributes & Partial<PaddingProps & MarginProps & { width: SpacingValueType | { readonly base?: SpacingValueType; ... 4 more ...; readonly xl?: SpacingValueType; }; ... 11 more ...; __brand__?: \"platform-web\" | { ...; }; } & ... 10 more ... & DataAnalyticsAttribute> & RefAttributes<...>'",
      "index.tsx:34:9 - error TS2322: Type '\"circle\"' is not assignable to type '\"small\" | \"none\" | \"large\" | \"xsmall\" | \"medium\" | \"xlarge\" | \"2xlarge\" | \"max\" | \"round\" | { readonly base?: \"small\" | \"none\" | \"large\" | \"xsmall\" | \"medium\" | \"xlarge\" | \"2xlarge\" | \"max\" | \"round\"; ... 4 more ...; readonly xl?: \"small\" | ... 7 more ... | \"round\"; }'.\n\n34         borderRadius=\"circle\"\n           ~~~~~~~~~~~~\n\n  packages/blade/build/types/components/index.d.ts:1923:5\n    1923     borderRadius: \"none\" | \"xsmall\" | \"small\" | \"medium\" | \"large\" | \"xlarge\" | \"2xlarge\" | \"max\" | \"round\" | {\n             ~~~~~~~~~~~~\n    The expected type comes from property 'borderRadius' which is declared here on type 'IntrinsicAttributes & Partial<PaddingProps & MarginProps & { width: SpacingValueType | { readonly base?: SpacingValueType; ... 4 more ...; readonly xl?: SpacingValueType; }; ... 11 more ...; __brand__?: \"platform-web\" | { ...; }; } & ... 10 more ... & DataAnalyticsAttribute> & RefAttributes<...>'",
      "index.tsx:53:11 - error TS2820: Type '\"surface.background.gray.normal\"' is not assignable to type '\"surface.background.gray.subtle\" | \"transparent\" | \"surface.background.gray.moderate\" | \"surface.background.gray.intense\" | \"surface.background.primary.subtle\" | \"surface.background.primary.intense\" | ... 6 more ... | { ...; }'. Did you mean '\"surface.background.gray.moderate\"'?\n\n53           backgroundColor=\"surface.background.gray.normal\"\n             ~~~~~~~~~~~~~~~\n\n  packages/blade/build/types/components/index.d.ts:1956:5\n    1956     backgroundColor: \"transparent\" | \"surface.background.gray.subtle\" | \"surface.background.gray.moderate\" | \"surface.background.gray.intense\" | \"surface.background.primary.subtle\" | \"surface.background.primary.intense\" | \"surface.background.sea.subtle\" | \"surface.background.sea.intense\" | \"surface.background.cloud.subtle\" | \"surface.background.cloud.intense\" | \"overlay.background.subtle\" | \"overlay.background.moderate\";\n             ~~~~~~~~~~~~~~~\n    The expected type comes from property 'backgroundColor' which is declared here on type 'IntrinsicAttributes & Partial<PaddingProps & MarginProps & { width: SpacingValueType | { readonly base?: SpacingValueType; ... 4 more ...; readonly xl?: SpacingValueType; }; ... 11 more ...; __brand__?: \"platform-web\" | { ...; }; } & ... 10 more ... & DataAnalyticsAttribute> & RefAttributes<...>'",
      "index.tsx:68:13 - error TS2322: Type '\"0\"' is not assignable to type 'SpacingValueType | { readonly base?: SpacingValueType; readonly xs?: SpacingValueType; readonly s?: SpacingValueType; readonly m?: SpacingValueType; readonly l?: SpacingValueType; readonly xl?: SpacingValueType; }'.\n\n68             left=\"0\"\n               ~~~~\n\n  packages/blade/build/types/components/index.d.ts:1500:5\n    1500     left: SpacingValueType | {\n             ~~~~\n    The expected type comes from property 'left' which is declared here on type 'IntrinsicAttributes & Partial<PaddingProps & MarginProps & { width: SpacingValueType | { readonly base?: SpacingValueType; ... 4 more ...; readonly xl?: SpacingValueType; }; ... 11 more ...; __brand__?: \"platform-web\" | { ...; }; } & ... 10 more ... & DataAnalyticsAttribute> & RefAttributes<...>'",
      "index.tsx:69:13 - error TS2322: Type '\"0\"' is not assignable to type 'SpacingValueType | { readonly base?: SpacingValueType; readonly xs?: SpacingValueType; readonly s?: SpacingValueType; readonly m?: SpacingValueType; readonly l?: SpacingValueType; readonly xl?: SpacingValueType; }'.\n\n69             top=\"0\"\n               ~~~\n\n  packages/blade/build/types/components/index.d.ts:1524:5\n    1524     top: SpacingValueType | {\n             ~~~\n    The expected type comes from property 'top' which is declared here on type 'IntrinsicAttributes & Partial<PaddingProps & MarginProps & { width: SpacingValueType | { readonly base?: SpacingValueType; ... 4 more ...; readonly xl?: SpacingValueType; }; ... 11 more ...; __brand__?: \"platform-web\" | { ...; }; } & ... 10 more ... & DataAnalyticsAttribute> & RefAttributes<...>'"
    ]
  },
  {
    "file": "/Users/kamlesh.c/razorpay/blade/packages/blade-mcp/knowledgebase/Box.md",
    "errors": [
      "index.tsx:48:13 - error TS2322: Type 'string' is not assignable to type '\"surface.background.primary.intense\" | \"surface.background.cloud.intense\" | \"surface.background.primary.subtle\" | \"surface.background.gray.intense\" | \"surface.background.gray.moderate\" | ... 7 more ... | { ...; }'.\n\n48             backgroundColor={item.color}\n               ~~~~~~~~~~~~~~~\n\n  packages/blade/build/types/components/index.d.ts:1956:5\n    1956     backgroundColor: \"transparent\" | \"surface.background.gray.subtle\" | \"surface.background.gray.moderate\" | \"surface.background.gray.intense\" | \"surface.background.primary.subtle\" | \"surface.background.primary.intense\" | \"surface.background.sea.subtle\" | \"surface.background.sea.intense\" | \"surface.background.cloud.subtle\" | \"surface.background.cloud.intense\" | \"overlay.background.subtle\" | \"overlay.background.moderate\";\n             ~~~~~~~~~~~~~~~\n    The expected type comes from property 'backgroundColor' which is declared here on type 'IntrinsicAttributes & Partial<PaddingProps & MarginProps & { width: SpacingValueType | { readonly base?: SpacingValueType; ... 4 more ...; readonly xl?: SpacingValueType; }; ... 11 more ...; __brand__?: \"platform-web\" | { ...; }; } & ... 10 more ... & DataAnalyticsAttribute> & RefAttributes<...>'",
      "index.tsx:76:15 - error TS2322: Type '{ children: string; color: \"surface.text.staticWhite.normal\" | \"surface.text.gray.normal\"; fontWeight: string; }' is not assignable to type 'IntrinsicAttributes & ((TextBodyVariant | TextCaptionVariant) & RefAttributes<BladeElementRef>)'.\n  Property 'fontWeight' does not exist on type 'IntrinsicAttributes & ((TextBodyVariant | TextCaptionVariant) & RefAttributes<BladeElementRef>)'.\n\n76               fontWeight=\"semibold\"\n                 ~~~~~~~~~~"
    ]
  },
  {
    "file": "/Users/kamlesh.c/razorpay/blade/packages/blade-mcp/knowledgebase/BottomSheet.md",
    "errors": [
      "index.tsx:21:71 - error TS2322: Type '{ children: Element[]; isOpen: boolean; onDismiss: () => void; testID: string; }' is not assignable to type 'IntrinsicAttributes & { children: ReactNode; snapPoints?: SnapPoints; onDismiss?: () => void; isOpen?: boolean; initialFocusRef?: MutableRefObject<any>; zIndex?: number; }'.\n  Property 'testID' does not exist on type 'IntrinsicAttributes & { children: ReactNode; snapPoints?: SnapPoints; onDismiss?: () => void; isOpen?: boolean; initialFocusRef?: MutableRefObject<any>; zIndex?: number; }'.\n\n21       <BottomSheet isOpen={isOpen} onDismiss={() => setIsOpen(false)} testID=\"terms-bottomsheet\">\n                                                                         ~~~~~~",
      "index.tsx:42:23 - error TS2322: Type '{ children: string; checked: boolean; onChange: () => void; }' is not assignable to type 'IntrinsicAttributes & { isChecked?: boolean; defaultChecked?: boolean; onChange?: OnChange$1; children?: ReactNode; helpText?: string; errorText?: string; ... 7 more ...; tabIndex?: number; } & TestID & Partial<...> & MotionMetaProp & RefAttributes<...>'.\n  Property 'checked' does not exist on type 'IntrinsicAttributes & { isChecked?: boolean; defaultChecked?: boolean; onChange?: OnChange$1; children?: ReactNode; helpText?: string; errorText?: string; ... 7 more ...; tabIndex?: number; } & TestID & Partial<...> & MotionMetaProp & RefAttributes<...>'. Did you mean 'isChecked'?\n\n42             <Checkbox checked={termsAccepted} onChange={() => setTermsAccepted(!termsAccepted)}>\n                         ~~~~~~~"
    ]
  },
  {
    "file": "/Users/kamlesh.c/razorpay/blade/packages/blade-mcp/knowledgebase/BottomSheet.md",
    "errors": [
      "index.tsx:45:47 - error TS2339: Property 'target' does not exist on type '{ name?: string; value?: string; }'.\n\n45             onChange={(e) => setPhoneNumber(e.target.value)}\n                                                 ~~~~~~"
    ]
  },
  {
    "file": "/Users/kamlesh.c/razorpay/blade/packages/blade-mcp/knowledgebase/BottomNav.md",
    "errors": [
      "index.tsx:23:28 - error TS2820: Type '\"spacing.16\"' is not assignable to type 'SpacingValueType | { readonly base?: SpacingValueType; readonly xs?: SpacingValueType; readonly s?: SpacingValueType; readonly m?: SpacingValueType; readonly l?: SpacingValueType; readonly xl?: SpacingValueType; }'. Did you mean '\"spacing.1\"'?\n\n23   <Box padding=\"spacing.5\" paddingBottom=\"spacing.16\">\n                              ~~~~~~~~~~~~~\n\n  packages/blade/build/types/components/index.d.ts:943:5\n    943     paddingBottom: SpacingValueType;\n            ~~~~~~~~~~~~~\n    The expected type comes from property 'paddingBottom' which is declared here on type 'IntrinsicAttributes & Partial<PaddingProps & MarginProps & { width: SpacingValueType | { readonly base?: SpacingValueType; ... 4 more ...; readonly xl?: SpacingValueType; }; ... 11 more ...; __brand__?: \"platform-web\" | { ...; }; } & ... 10 more ... & DataAnalyticsAttribute> & RefAttributes<...>'",
      "index.tsx:53:6 - error TS2739: Type '{ as: any; isActive: boolean; activeOnLinks?: string[]; }' is missing the following properties from type '{ title: string; icon: IconComponent; href?: string; target?: string; rel?: string; as?: ComponentType<any>; isActive?: boolean; onClick?: Select<{ web: MouseEventHandler<Element>; native: undefined; }>; }': title, icon\n\n53     <BottomNavItem\n        ~~~~~~~~~~~~~",
      "index.tsx:57:21 - error TS2339: Property 'href' does not exist on type 'Omit<({ title, href, rel, target, as, isActive, onClick, icon: Icon, testID, ...rest }: BottomNavItemProps) => ReactElement<any, string | JSXElementConstructor<any>>, \"as\"> & { ...; }'.\n\n57         href: props.href,\n                       ~~~~",
      "index.tsx:71:6 - error TS2741: Property 'title' is missing in type '{ as: any; isActive: boolean; activeOnLinks?: string[]; }' but required in type '{ title: string; description?: string; titleSuffix?: ReactElement<any, string | JSXElementConstructor<any>>; trailing?: ReactElement<any, string | JSXElementConstructor<any>>; ... 7 more ...; onClick?: (event: MouseEvent<...>) => void; }'.\n\n71     <SideNavLink\n        ~~~~~~~~~~~\n\n  packages/blade/build/types/components/index.d.ts:20377:5\n    20377     title: string;\n              ~~~~~\n    'title' is declared here.",
      "index.tsx:75:21 - error TS2339: Property 'href' does not exist on type 'Omit<({ title, description, href, children, titleSuffix, trailing, isActive, icon, tooltip, as, target, onClick, ...rest }: { title: string; description?: string; titleSuffix?: ReactElement<any, string | JSXElementConstructor<any>>; trailing?: ReactElement<any, string | JSXElementConstructor<...>>; ... 7 more ...; o...'.\n\n75         href: props.href,\n                       ~~~~",
      "index.tsx:154:15 - error TS2322: Type '{ key: string; title: string; href: string; icon: IconComponent; onClick: () => void; }' is not assignable to type 'IntrinsicAttributes & Omit<({ title, description, href, children, titleSuffix, trailing, isActive, icon, tooltip, as, target, onClick, ...rest }: { title: string; description?: string; titleSuffix?: ReactElement<any, string | JSXElementConstructor<any>>; ... 8 more ...; onClick?: (event: MouseEvent<...>) => void; })...'.\n  Property 'title' does not exist on type 'IntrinsicAttributes & Omit<({ title, description, href, children, titleSuffix, trailing, isActive, icon, tooltip, as, target, onClick, ...rest }: { title: string; description?: string; titleSuffix?: ReactElement<any, string | JSXElementConstructor<any>>; ... 8 more ...; onClick?: (event: MouseEvent<...>) => void; })...'.\n\n154               title={item.title}\n                  ~~~~~",
      "index.tsx:168:9 - error TS2322: Type '{ children: (Element | Element[])[]; position: \"fixed\"; bottom: \"spacing.0\"; left: \"spacing.0\"; width: string; testID: string; \"data-analytics\": string; }' is not assignable to type 'IntrinsicAttributes & { children: ReactNode; zIndex?: number; } & Partial<Omit<MarginProps & Pick<FlexboxProps, \"alignSelf\" | \"justifySelf\" | \"placeSelf\" | \"order\"> & { ...; } & Pick<...> & Pick<...> & Pick<...>, \"__brand__\">> & TestID & RefAttributes<...>'.\n  Property 'width' does not exist on type 'IntrinsicAttributes & { children: ReactNode; zIndex?: number; } & Partial<Omit<MarginProps & Pick<FlexboxProps, \"alignSelf\" | \"justifySelf\" | \"placeSelf\" | \"order\"> & { ...; } & Pick<...> & Pick<...> & Pick<...>, \"__brand__\">> & TestID & RefAttributes<...>'.\n\n168         width=\"100%\"\n            ~~~~~",
      "index.tsx:176:13 - error TS2322: Type '{ key: string; title: string; href: string; icon: IconComponent; testID: string; }' is not assignable to type 'IntrinsicAttributes & Omit<({ title, href, rel, target, as, isActive, onClick, icon: Icon, testID, ...rest }: BottomNavItemProps) => ReactElement<any, string | JSXElementConstructor<any>>, \"as\"> & { ...; }'.\n  Property 'title' does not exist on type 'IntrinsicAttributes & Omit<({ title, href, rel, target, as, isActive, onClick, icon: Icon, testID, ...rest }: BottomNavItemProps) => ReactElement<any, string | JSXElementConstructor<any>>, \"as\"> & { ...; }'.\n\n176             title={item.title}\n                ~~~~~",
      "index.tsx:189:11 - error TS2322: Type '{ title: string; icon: IconComponent; onClick: () => void; testID: string; activeOnLinks: string[]; }' is not assignable to type 'IntrinsicAttributes & { title: string; icon: IconComponent; href?: string; target?: string; rel?: string; as?: ComponentType<any>; isActive?: boolean; onClick?: Select<...>; } & TestID'.\n  Property 'activeOnLinks' does not exist on type 'IntrinsicAttributes & { title: string; icon: IconComponent; href?: string; target?: string; rel?: string; as?: ComponentType<any>; isActive?: boolean; onClick?: Select<...>; } & TestID'.\n\n189           activeOnLinks={[\n              ~~~~~~~~~~~~~"
    ]
  },
  {
    "file": "/Users/kamlesh.c/razorpay/blade/packages/blade-mcp/knowledgebase/BladeProvider.md",
    "errors": [
      "index.tsx:11:13 - error TS2322: Type '\"bodyMedium\"' is not assignable to type '\"body\" | \"caption\"'.\n\n11       <Text variant=\"bodyMedium\" marginBottom=\"spacing.3\">\n               ~~~~~~~\n\n  packages/blade/build/types/components/index.d.ts:11099:5\n    11099     variant?: Extract<TextVariant, 'body'>;\n              ~~~~~~~\n    The expected type comes from property 'variant' which is declared here on type 'IntrinsicAttributes & ((TextBodyVariant | TextCaptionVariant) & RefAttributes<BladeElementRef>)'",
      "index.tsx:16:9 - error TS2322: Type '{ children: Element[]; label: string; value: ColorSchemeNames; onChange: (value: any) => void; }' is not assignable to type 'IntrinsicAttributes & { isOpen?: boolean; onOpenChange?: (isOpen: boolean) => void; selectionType?: \"multiple\" | \"single\"; children: ReactNode[]; _width?: SpacingValueType | { ...; }; } & TestID & Partial<...> & RefAttributes<...>'.\n  Property 'label' does not exist on type 'IntrinsicAttributes & { isOpen?: boolean; onOpenChange?: (isOpen: boolean) => void; selectionType?: \"multiple\" | \"single\"; children: ReactNode[]; _width?: SpacingValueType | { ...; }; } & TestID & Partial<...> & RefAttributes<...>'.\n\n16         label=\"Select Theme\"\n           ~~~~~",
      "index.tsx:20:19 - error TS2339: Property 'Button' does not exist on type 'ForwardRefExoticComponent<{ isOpen?: boolean; onOpenChange?: (isOpen: boolean) => void; selectionType?: \"multiple\" | \"single\"; children: ReactNode[]; _width?: SpacingValueType | { ...; }; } & TestID & Partial<...> & RefAttributes<...>>'.\n\n20         <Dropdown.Button>\n                     ~~~~~~",
      "index.tsx:26:20 - error TS2339: Property 'Button' does not exist on type 'ForwardRefExoticComponent<{ isOpen?: boolean; onOpenChange?: (isOpen: boolean) => void; selectionType?: \"multiple\" | \"single\"; children: ReactNode[]; _width?: SpacingValueType | { ...; }; } & TestID & Partial<...> & RefAttributes<...>>'.\n\n26         </Dropdown.Button>\n                      ~~~~~~",
      "index.tsx:27:19 - error TS2339: Property 'Overlay' does not exist on type 'ForwardRefExoticComponent<{ isOpen?: boolean; onOpenChange?: (isOpen: boolean) => void; selectionType?: \"multiple\" | \"single\"; children: ReactNode[]; _width?: SpacingValueType | { ...; }; } & TestID & Partial<...> & RefAttributes<...>>'.\n\n27         <Dropdown.Overlay>\n                     ~~~~~~~",
      "index.tsx:28:21 - error TS2339: Property 'Item' does not exist on type 'ForwardRefExoticComponent<{ isOpen?: boolean; onOpenChange?: (isOpen: boolean) => void; selectionType?: \"multiple\" | \"single\"; children: ReactNode[]; _width?: SpacingValueType | { ...; }; } & TestID & Partial<...> & RefAttributes<...>>'.\n\n28           <Dropdown.Item value=\"light\" onClick={() => setColorScheme('light')}>\n                       ~~~~",
      "index.tsx:30:22 - error TS2339: Property 'Item' does not exist on type 'ForwardRefExoticComponent<{ isOpen?: boolean; onOpenChange?: (isOpen: boolean) => void; selectionType?: \"multiple\" | \"single\"; children: ReactNode[]; _width?: SpacingValueType | { ...; }; } & TestID & Partial<...> & RefAttributes<...>>'.\n\n30           </Dropdown.Item>\n                        ~~~~",
      "index.tsx:31:21 - error TS2339: Property 'Item' does not exist on type 'ForwardRefExoticComponent<{ isOpen?: boolean; onOpenChange?: (isOpen: boolean) => void; selectionType?: \"multiple\" | \"single\"; children: ReactNode[]; _width?: SpacingValueType | { ...; }; } & TestID & Partial<...> & RefAttributes<...>>'.\n\n31           <Dropdown.Item value=\"dark\" onClick={() => setColorScheme('dark')}>\n                       ~~~~",
      "index.tsx:33:22 - error TS2339: Property 'Item' does not exist on type 'ForwardRefExoticComponent<{ isOpen?: boolean; onOpenChange?: (isOpen: boolean) => void; selectionType?: \"multiple\" | \"single\"; children: ReactNode[]; _width?: SpacingValueType | { ...; }; } & TestID & Partial<...> & RefAttributes<...>>'.\n\n33           </Dropdown.Item>\n                        ~~~~",
      "index.tsx:34:21 - error TS2339: Property 'Item' does not exist on type 'ForwardRefExoticComponent<{ isOpen?: boolean; onOpenChange?: (isOpen: boolean) => void; selectionType?: \"multiple\" | \"single\"; children: ReactNode[]; _width?: SpacingValueType | { ...; }; } & TestID & Partial<...> & RefAttributes<...>>'.\n\n34           <Dropdown.Item value=\"system\" onClick={() => setColorScheme('system')}>\n                       ~~~~",
      "index.tsx:36:22 - error TS2339: Property 'Item' does not exist on type 'ForwardRefExoticComponent<{ isOpen?: boolean; onOpenChange?: (isOpen: boolean) => void; selectionType?: \"multiple\" | \"single\"; children: ReactNode[]; _width?: SpacingValueType | { ...; }; } & TestID & Partial<...> & RefAttributes<...>>'.\n\n36           </Dropdown.Item>\n                        ~~~~",
      "index.tsx:37:20 - error TS2339: Property 'Overlay' does not exist on type 'ForwardRefExoticComponent<{ isOpen?: boolean; onOpenChange?: (isOpen: boolean) => void; selectionType?: \"multiple\" | \"single\"; children: ReactNode[]; _width?: SpacingValueType | { ...; }; } & TestID & Partial<...> & RefAttributes<...>>'.\n\n37         </Dropdown.Overlay>\n                      ~~~~~~~"
    ]
  },
  {
    "file": "/Users/kamlesh.c/razorpay/blade/packages/blade-mcp/knowledgebase/BladeProvider.md",
    "errors": [
      "index.tsx:2:53 - error TS2305: Module '\"@razorpay/blade/components\"' has no exported member 'Input'.\n\n2 import { BladeProvider, Box, Text, Heading, Button, Input, Link } from '@razorpay/blade/components';\n                                                      ~~~~~"
    ]
  },
  {
    "file": "/Users/kamlesh.c/razorpay/blade/packages/blade-mcp/knowledgebase/Badge.md",
    "errors": [
      "index.tsx:2:49 - error TS2305: Module '\"@razorpay/blade/components\"' has no exported member 'WarningIcon'.\n\n2 import { Badge, Box, InfoIcon, CheckCircleIcon, WarningIcon } from '@razorpay/blade/components';\n                                                  ~~~~~~~~~~~"
    ]
  },
  {
    "file": "/Users/kamlesh.c/razorpay/blade/packages/blade-mcp/knowledgebase/Avatar.md",
    "errors": [
      "index.tsx:34:13 - error TS2322: Type 'string' is not assignable to type '\"primary\" | FeedbackColors'.\n\n34             color={user.color}\n               ~~~~~\n\n  packages/blade/build/types/components/index.d.ts:5767:5\n    5767     color?: FeedbackColors | \"primary\" | undefined;\n             ~~~~~\n    The expected type comes from property 'color' which is declared here on type 'IntrinsicAttributes & { size?: \"small\" | \"xsmall\" | \"medium\" | \"large\" | \"xlarge\"; variant?: \"circle\" | \"square\"; color?: \"primary\" | FeedbackColors; ... 9 more ...; testID?: string; } & BladeCommonEvents & Partial<...> & { ...; } & RefAttributes<...>'"
    ]
  },
  {
    "file": "/Users/kamlesh.c/razorpay/blade/packages/blade-mcp/knowledgebase/Avatar.md",
    "errors": [
      "index.tsx:19:50 - error TS2322: Type 'string' is not assignable to type '\"primary\" | FeedbackColors'.\n\n19           <Avatar key={index} name={member.name} color={member.color} />\n                                                    ~~~~~\n\n  packages/blade/build/types/components/index.d.ts:5767:5\n    5767     color?: FeedbackColors | \"primary\" | undefined;\n             ~~~~~\n    The expected type comes from property 'color' which is declared here on type 'IntrinsicAttributes & { size?: \"small\" | \"large\" | \"xsmall\" | \"medium\" | \"xlarge\"; variant?: \"circle\" | \"square\"; color?: \"primary\" | FeedbackColors; ... 9 more ...; testID?: string; } & BladeCommonEvents & Partial<...> & { ...; } & RefAttributes<...>'",
      "index.tsx:26:50 - error TS2322: Type 'string' is not assignable to type '\"primary\" | FeedbackColors'.\n\n26           <Avatar key={index} name={member.name} color={member.color} />\n                                                    ~~~~~\n\n  packages/blade/build/types/components/index.d.ts:5767:5\n    5767     color?: FeedbackColors | \"primary\" | undefined;\n             ~~~~~\n    The expected type comes from property 'color' which is declared here on type 'IntrinsicAttributes & { size?: \"small\" | \"large\" | \"xsmall\" | \"medium\" | \"xlarge\"; variant?: \"circle\" | \"square\"; color?: \"primary\" | FeedbackColors; ... 9 more ...; testID?: string; } & BladeCommonEvents & Partial<...> & { ...; } & RefAttributes<...>'"
    ]
  },
  {
    "file": "/Users/kamlesh.c/razorpay/blade/packages/blade-mcp/knowledgebase/Avatar.md",
    "errors": [
      "index.tsx:30:13 - error TS2322: Type 'string' is not assignable to type '\"primary\" | FeedbackColors'.\n\n30             color={member.color}\n               ~~~~~\n\n  packages/blade/build/types/components/index.d.ts:5767:5\n    5767     color?: FeedbackColors | \"primary\" | undefined;\n             ~~~~~\n    The expected type comes from property 'color' which is declared here on type 'IntrinsicAttributes & { size?: \"small\" | \"xsmall\" | \"medium\" | \"large\" | \"xlarge\"; variant?: \"circle\" | \"square\"; color?: \"primary\" | FeedbackColors; ... 9 more ...; testID?: string; } & BladeCommonEvents & Partial<...> & { ...; } & RefAttributes<...>'"
    ]
  },
  {
    "file": "/Users/kamlesh.c/razorpay/blade/packages/blade-mcp/knowledgebase/AutoComplete.md",
    "errors": [
      "index.tsx:63:11 - error TS2322: Type '{ label: string; name: string; placeholder: string; icon: IconComponent; value: string; inputValue: string; onChange: ({ values }: { values: any; }) => void; onInputChange: ({ value }: { value: any; }) => void; ... 4 more ...; \"data-analytics-section\": string; }' is not assignable to type 'IntrinsicAttributes & Pick<BaseInputProps, \"prefix\" | \"testID\" | \"label\" | \"size\" | \"name\" | `data-analytics-${string}` | \"onBlur\" | \"onFocus\" | \"autoFocus\" | ... 10 more ... | \"suffix\"> & { ...; } & { ...; } & RefAttributes<...>'.\n  Property 'onInputChange' does not exist on type 'IntrinsicAttributes & Pick<BaseInputProps, \"prefix\" | \"testID\" | \"label\" | \"size\" | \"name\" | `data-analytics-${string}` | \"onBlur\" | \"onFocus\" | \"autoFocus\" | ... 10 more ... | \"suffix\"> & { ...; } & { ...; } & RefAttributes<...>'.\n\n63           onInputChange={handleInputChange}\n             ~~~~~~~~~~~~~"
    ]
  },
  {
    "file": "/Users/kamlesh.c/razorpay/blade/packages/blade-mcp/knowledgebase/AutoComplete.md",
    "errors": [
      "index.tsx:11:3 - error TS2305: Module '\"@razorpay/blade/components\"' has no exported member 'LocationIcon'.\n\n11   LocationIcon,\n     ~~~~~~~~~~~~",
      "index.tsx:95:11 - error TS2322: Type '{ label: string; name: string; placeholder: string; icon: any; value: string; inputValue: string; onChange: ({ values }: { values: any; }) => void; onInputChange: ({ value }: { value: any; }) => void; formatValue: (value: any) => any; ... 4 more ...; \"data-analytics-section\": string; }' is not assignable to type 'IntrinsicAttributes & Pick<BaseInputProps, \"prefix\" | \"testID\" | \"label\" | \"size\" | \"name\" | `data-analytics-${string}` | \"onBlur\" | \"onFocus\" | \"autoFocus\" | ... 10 more ... | \"suffix\"> & { ...; } & { ...; } & RefAttributes<...>'.\n  Property 'onInputChange' does not exist on type 'IntrinsicAttributes & Pick<BaseInputProps, \"prefix\" | \"testID\" | \"label\" | \"size\" | \"name\" | `data-analytics-${string}` | \"onBlur\" | \"onFocus\" | \"autoFocus\" | ... 10 more ... | \"suffix\"> & { ...; } & { ...; } & RefAttributes<...>'.\n\n95           onInputChange={handleInputChange}\n             ~~~~~~~~~~~~~",
      "index.tsx:106:16 - error TS2741: Property 'accessibilityLabel' is missing in type '{ size: \"medium\"; }' but required in type '{ color?: FeedbackColors | \"primary\" | \"white\"; label?: string; labelPosition?: \"bottom\" | \"right\"; size?: \"medium\" | \"large\" | \"xlarge\"; accessibilityLabel: string; }'.\n\n106               <Spinner size=\"medium\" />\n                   ~~~~~~~\n\n  packages/blade/build/types/components/index.d.ts:21170:5\n    21170     accessibilityLabel: string;\n              ~~~~~~~~~~~~~~~~~~\n    'accessibilityLabel' is declared here.",
      "index.tsx:118:19 - error TS2322: Type '{ key: any; title: any; subtitle: any; value: any; }' is not assignable to type 'IntrinsicAttributes & { title: string; description?: string; onClick?: (clickProps: { name: string; value?: boolean; event: Select<{ web: MouseEvent<Element, MouseEvent>; native: TouchEvent<...>; }>; }) => void; ... 11 more ...; _onVirtualizedFocus?: (_virtuazedIndex: number) => void; } & TestID'.\n  Property 'subtitle' does not exist on type 'IntrinsicAttributes & { title: string; description?: string; onClick?: (clickProps: { name: string; value?: boolean; event: Select<{ web: MouseEvent<Element, MouseEvent>; native: TouchEvent<...>; }>; }) => void; ... 11 more ...; _onVirtualizedFocus?: (_virtuazedIndex: number) => void; } & TestID'.\n\n118                   subtitle={city.country}\n                      ~~~~~~~~"
    ]
  },
  {
    "file": "/Users/kamlesh.c/razorpay/blade/packages/blade-mcp/knowledgebase/AutoComplete.md",
    "errors": [
      "index.tsx:104:11 - error TS2322: Type '{ label: string; name: string; placeholder: string; icon: IconComponent; value: any[]; inputValue: string; onChange: ({ values }: { values: any; }) => void; onInputChange: ({ value }: { value: any; }) => void; ... 5 more ...; \"data-analytics-section\": string; }' is not assignable to type 'IntrinsicAttributes & Pick<BaseInputProps, \"prefix\" | \"testID\" | \"label\" | \"size\" | \"name\" | `data-analytics-${string}` | \"onBlur\" | \"onFocus\" | \"autoFocus\" | ... 10 more ... | \"suffix\"> & { ...; } & { ...; } & RefAttributes<...>'.\n  Property 'onInputChange' does not exist on type 'IntrinsicAttributes & Pick<BaseInputProps, \"prefix\" | \"testID\" | \"label\" | \"size\" | \"name\" | `data-analytics-${string}` | \"onBlur\" | \"onFocus\" | \"autoFocus\" | ... 10 more ... | \"suffix\"> & { ...; } & { ...; } & RefAttributes<...>'.\n\n104           onInputChange={handleInputChange}\n              ~~~~~~~~~~~~~",
      "index.tsx:120:19 - error TS2322: Type '{ title: string; value: string; leading: Element; onSelect: () => void; }' is not assignable to type 'IntrinsicAttributes & { title: string; description?: string; onClick?: (clickProps: { name: string; value?: boolean; event: Select<{ web: MouseEvent<Element, MouseEvent>; native: TouchEvent<...>; }>; }) => void; ... 11 more ...; _onVirtualizedFocus?: (_virtuazedIndex: number) => void; } & TestID'.\n  Property 'onSelect' does not exist on type 'IntrinsicAttributes & { title: string; description?: string; onClick?: (clickProps: { name: string; value?: boolean; event: Select<{ web: MouseEvent<Element, MouseEvent>; native: TouchEvent<...>; }>; }) => void; ... 11 more ...; _onVirtualizedFocus?: (_virtuazedIndex: number) => void; } & TestID'.\n\n120                   onSelect={handleCreateTag}\n                      ~~~~~~~~",
      "index.tsx:151:17 - error TS2322: Type '\"spacing.1 spacing.3\"' is not assignable to type 'SpacingValueType | ArrayOfMaxLength4<SpacingValueType> | { readonly base?: SpacingValueType | ArrayOfMaxLength4<SpacingValueType>; ... 4 more ...; readonly xl?: SpacingValueType | ArrayOfMaxLength4<...>; }'.\n\n151                 padding=\"spacing.1 spacing.3\"\n                    ~~~~~~~\n\n  packages/blade/build/types/components/index.d.ts:796:5\n    796     padding: SpacingValueType | ArrayOfMaxLength4<SpacingValueType>;\n            ~~~~~~~\n    The expected type comes from property 'padding' which is declared here on type 'IntrinsicAttributes & Partial<PaddingProps & MarginProps & { width: SpacingValueType | { readonly base?: SpacingValueType; ... 4 more ...; readonly xl?: SpacingValueType; }; ... 11 more ...; __brand__?: \"platform-web\" | { ...; }; } & ... 10 more ... & DataAnalyticsAttribute> & RefAttributes<...>'",
      "index.tsx:159:32 - error TS2322: Type '\"text.neutral.muted\"' is not assignable to type 'TextColors | \"currentColor\"'.\n\n159             <Text size=\"small\" color=\"text.neutral.muted\">\n                                   ~~~~~\n\n  packages/blade/build/types/components/index.d.ts:11092:5\n    11092     color?: BaseTextProps['color'];\n              ~~~~~\n    The expected type comes from property 'color' which is declared here on type 'IntrinsicAttributes & ((TextBodyVariant | TextCaptionVariant) & RefAttributes<BladeElementRef>)'"
    ]
  },
  {
    "file": "/Users/kamlesh.c/razorpay/blade/packages/blade-mcp/knowledgebase/AnimateInteractions.md",
    "errors": [
      "index.tsx:20:9 - error TS2322: Type '{ children: Element; width: \"400px\"; padding: \"spacing.0\"; backgroundColor: \"surface.background.gray.moderate\"; onClick: () => void; tabIndex: number; }' is not assignable to type 'IntrinsicAttributes & { children: ReactNode; backgroundColor?: \"surface.background.gray.moderate\" | \"surface.background.gray.subtle\" | \"surface.background.gray.intense\"; ... 15 more ...; as?: \"label\"; } & TestID & Partial<...> & RefAttributes<...>'.\n  Property 'tabIndex' does not exist on type 'IntrinsicAttributes & { children: ReactNode; backgroundColor?: \"surface.background.gray.moderate\" | \"surface.background.gray.subtle\" | \"surface.background.gray.intense\"; ... 15 more ...; as?: \"label\"; } & TestID & Partial<...> & RefAttributes<...>'.\n\n20         tabIndex={0}\n           ~~~~~~~~"
    ]
  },
  {
    "file": "/Users/kamlesh.c/razorpay/blade/packages/blade-mcp/knowledgebase/AnimateInteractions.md",
    "errors": [
      "index.tsx:18:9 - error TS2820: Type '\"spacing.6\"' is not assignable to type 'CardSpacingValueType'. Did you mean '\"spacing.0\"'?\n\n18         padding=\"spacing.6\"\n           ~~~~~~~\n\n  packages/blade/build/types/components/index.d.ts:9230:5\n    9230     padding?: CardSpacingValueType | undefined;\n             ~~~~~~~\n    The expected type comes from property 'padding' which is declared here on type 'IntrinsicAttributes & { children: ReactNode; backgroundColor?: \"surface.background.gray.moderate\" | \"surface.background.gray.subtle\" | \"surface.background.gray.intense\"; ... 15 more ...; as?: \"label\"; } & TestID & Partial<...> & RefAttributes<...>'"
    ]
  },
  {
    "file": "/Users/kamlesh.c/razorpay/blade/packages/blade-mcp/knowledgebase/AnimateInteractions.md",
    "errors": [
      "index.tsx:33:13 - error TS2820: Type '\"surface.background.brand.subtle\"' is not assignable to type '\"surface.background.gray.moderate\" | \"transparent\" | \"surface.background.gray.subtle\" | \"surface.background.gray.intense\" | \"surface.background.primary.subtle\" | \"surface.background.primary.intense\" | ... 6 more ... | { ...; }'. Did you mean '\"surface.background.gray.subtle\"'?\n\n33             backgroundColor=\"surface.background.brand.subtle\"\n               ~~~~~~~~~~~~~~~\n\n  packages/blade/build/types/components/index.d.ts:1956:5\n    1956     backgroundColor: \"transparent\" | \"surface.background.gray.subtle\" | \"surface.background.gray.moderate\" | \"surface.background.gray.intense\" | \"surface.background.primary.subtle\" | \"surface.background.primary.intense\" | \"surface.background.sea.subtle\" | \"surface.background.sea.intense\" | \"surface.background.cloud.subtle\" | \"surface.background.cloud.intense\" | \"overlay.background.subtle\" | \"overlay.background.moderate\";\n             ~~~~~~~~~~~~~~~\n    The expected type comes from property 'backgroundColor' which is declared here on type 'IntrinsicAttributes & Partial<PaddingProps & MarginProps & { width: SpacingValueType | { readonly base?: SpacingValueType; ... 4 more ...; readonly xl?: SpacingValueType; }; ... 11 more ...; __brand__?: \"platform-web\" | { ...; }; } & ... 10 more ... & DataAnalyticsAttribute> & RefAttributes<...>'"
    ]
  },
  {
    "file": "/Users/kamlesh.c/razorpay/blade/packages/blade-mcp/knowledgebase/ActionList.md",
    "errors": [
      "index.tsx:13:8 - error TS2745: This JSX tag's 'children' prop expects type 'ReactNode[]' which requires multiple children, but only a single child was provided.\n\n13       <ActionList isVirtualized={true}>\n          ~~~~~~~~~~"
    ]
  }
]